
*************************************************************
 Geant4 version Name: geant4-10-00-patch-01 [MT]   (28-February-2014)
  << in Multi-threaded mode >> 
                      Copyright : Geant4 Collaboration
                      Reference : NIM A 506 (2003), 250-303
                            WWW : http://cern.ch/geant4
*************************************************************

<<< Geant4 Physics List simulation engine: FTFP_BERT 2.0

... create Root ntuple : CalorimeterData ntupleId 0 - done
... create Root ntuple D column : Energy_Dep0 ntupleId 0 - done
... create Root ntuple D column : Energy_Dep1 ntupleId 0 - done
... create Root ntuple D column : Energy_Dep2 ntupleId 0 - done
... create Root ntuple D column : Energy_Dep3 ntupleId 0 - done
... create Root ntuple D column : Energy_Dep4 ntupleId 0 - done
... create Root ntuple D column : Energy_Dep5 ntupleId 0 - done
... create Root ntuple D column : Energy_Dep6 ntupleId 0 - done
... create Root ntuple D column : Energy_Dep7 ntupleId 0 - done
... create Root ntuple D column : Energy_Dep8 ntupleId 0 - done
... create Root ntuple D column : Energy_Dep9 ntupleId 0 - done
... create Root ntuple D column : Energy_Dep10 ntupleId 0 - done
... create Root ntuple D column : Energy_Dep11 ntupleId 0 - done
... create Root ntuple D column : Energy_Dep12 ntupleId 0 - done
... create Root ntuple D column : Energy_Dep13 ntupleId 0 - done
... create Root ntuple D column : Energy_Dep14 ntupleId 0 - done
... create Root ntuple D column : Energy_Dep15 ntupleId 0 - done
... create Root ntuple D column : Energy_Dep16 ntupleId 0 - done
... create Root ntuple D column : Energy_Dep17 ntupleId 0 - done
... create Root ntuple D column : Energy_Dep18 ntupleId 0 - done
... create Root ntuple D column : Energy_Dep19 ntupleId 0 - done
... create Root ntuple D column : Energy_Dep20 ntupleId 0 - done
... create Root ntuple D column : Energy_Dep21 ntupleId 0 - done
... create Root ntuple D column : Energy_Dep22 ntupleId 0 - done
... create Root ntuple D column : Energy_Dep23 ntupleId 0 - done
... create Root ntuple D column : Energy_Dep24 ntupleId 0 - done
... create Root ntuple D column : Energy_Dep25 ntupleId 0 - done
... create Root ntuple D column : Energy_Dep26 ntupleId 0 - done
... create Root ntuple D column : Energy_Dep27 ntupleId 0 - done
... create Root ntuple D column : Energy_Dep28 ntupleId 0 - done
... create Root ntuple D column : Energy_Dep29 ntupleId 0 - done
... create Root ntuple D column : Energy_Dep30 ntupleId 0 - done
... create Root ntuple D column : Energy_Dep31 ntupleId 0 - done
... create Root ntuple D column : Energy_Dep32 ntupleId 0 - done
... create Root ntuple D column : Energy_Dep33 ntupleId 0 - done
... create Root ntuple D column : Energy_Dep34 ntupleId 0 - done
... create Root ntuple D column : Energy_Dep35 ntupleId 0 - done
... create Root ntuple D column : Energy_Dep36 ntupleId 0 - done
... create Root ntuple D column : Energy_Dep37 ntupleId 0 - done
... create Root ntuple D column : Energy_Dep38 ntupleId 0 - done
... create Root ntuple D column : Energy_Dep39 ntupleId 0 - done
... create Root ntuple D column : Energy_Dep40 ntupleId 0 - done
... create Root ntuple D column : Energy_Dep41 ntupleId 0 - done
... create Root ntuple D column : Energy_Dep42 ntupleId 0 - done
... create Root ntuple D column : Energy_Dep43 ntupleId 0 - done
... create Root ntuple D column : Energy_Dep44 ntupleId 0 - done
... create Root ntuple D column : Energy_Dep45 ntupleId 0 - done
... create Root ntuple D column : Energy_Dep46 ntupleId 0 - done
... create Root ntuple D column : Energy_Dep47 ntupleId 0 - done
... create Root ntuple D column : Energy_Dep48 ntupleId 0 - done
... create Root ntuple D column : Energy_Dep49 ntupleId 0 - done
... create Root ntuple D column : Energy_Dep ntupleId 0 - done

***** Table : Nb of materials = 4 *****

 Material:   G4_AIR    density:  1.205 mg/cm3  RadL: 303.921 m    Nucl.Int.Length: 710.137 m  
                       Imean:  85.700 eV   temperature: 273.15 K  pressure:   1.00 atm

   --->  Element: C (C)   Z =  6.0   N =  12.0   A =  12.01 g/mole
         --->  Isotope:   C12   Z =  6   N =  12   A =  12.00 g/mole   abundance:  98.93 %
         --->  Isotope:   C13   Z =  6   N =  13   A =  13.00 g/mole   abundance:   1.07 %
          ElmMassFraction:   0.01 %  ElmAbundance   0.02 % 

   --->  Element: N (N)   Z =  7.0   N =  14.0   A =  14.01 g/mole
         --->  Isotope:   N14   Z =  7   N =  14   A =  14.00 g/mole   abundance:  99.63 %
         --->  Isotope:   N15   Z =  7   N =  15   A =  15.00 g/mole   abundance:   0.37 %
          ElmMassFraction:  75.53 %  ElmAbundance  78.44 % 

   --->  Element: O (O)   Z =  8.0   N =  16.0   A =  16.00 g/mole
         --->  Isotope:   O16   Z =  8   N =  16   A =  15.99 g/mole   abundance:  99.76 %
         --->  Isotope:   O17   Z =  8   N =  17   A =  17.00 g/mole   abundance:   0.04 %
         --->  Isotope:   O18   Z =  8   N =  18   A =  18.00 g/mole   abundance:   0.20 %
          ElmMassFraction:  23.18 %  ElmAbundance  21.07 % 

   --->  Element: Ar (Ar)   Z = 18.0   N =  40.0   A =  39.95 g/mole
         --->  Isotope:  Ar36   Z = 18   N =  36   A =  35.97 g/mole   abundance:   0.34 %
         --->  Isotope:  Ar38   Z = 18   N =  38   A =  37.96 g/mole   abundance:   0.06 %
         --->  Isotope:  Ar40   Z = 18   N =  40   A =  39.96 g/mole   abundance:  99.60 %
          ElmMassFraction:   1.28 %  ElmAbundance   0.47 % 


 Material:   Vacuum    density:  0.000 kg/m3   RadL: 204727512.315 pc   Nucl.Int.Length: 113804112.837 pc 
                       Imean:  19.200 eV   temperature:   0.10 K  pressure:   0.00 atm

   --->  Element: Vacuum ( )   Z =  1.0   N =   1.0   A =   1.01 g/mole
         --->  Isotope:     1   Z =  1   N =   1   A =   1.01 g/mole   abundance:  99.99 %
         --->  Isotope:     2   Z =  1   N =   2   A =   2.01 g/mole   abundance:   0.01 %
          ElmMassFraction: 100.00 %  ElmAbundance 100.00 % 


 Material: Cesium Iodide    density:  4.510 g/cm3   RadL:   1.860 cm   Nucl.Int.Length:  39.306 cm 
                       Imean: 489.470 eV 

   --->  Element: Cesium (Cs)   Z = 55.0   N = 132.9   A = 132.90 g/mole
         --->  Isotope: Cs133   Z = 55   N = 133   A = 132.91 g/mole   abundance: 100.00 %
          ElmMassFraction:  51.15 %  ElmAbundance  50.00 % 

   --->  Element: Iodide (I)   Z = 53.0   N = 126.9   A = 126.90 g/mole
         --->  Isotope:  I127   Z = 53   N = 127   A = 126.90 g/mole   abundance: 100.00 %
          ElmMassFraction:  48.85 %  ElmAbundance  50.00 % 


 Material: G4_CESIUM_IODIDE    density:  4.510 g/cm3   RadL:   1.860 cm   Nucl.Int.Length:  39.287 cm 
                       Imean: 553.100 eV 

   --->  Element: Cs (Cs)   Z = 55.0   N = 133.0   A = 132.91 g/mole
         --->  Isotope: Cs133   Z = 55   N = 133   A = 132.91 g/mole   abundance: 100.00 %
          ElmMassFraction:  51.15 %  ElmAbundance  50.00 % 

   --->  Element: I (I)   Z = 53.0   N = 127.0   A = 126.90 g/mole
         --->  Isotope:  I127   Z = 53   N = 127   A = 126.90 g/mole   abundance: 100.00 %
          ElmMassFraction:  48.85 %  ElmAbundance  50.00 % 



Computed tolerance = 2.03048e-07 mm
Checking overlaps for volume Calorimeter ... OK! 
Checking overlaps for parameterised volume CrystalPV ... OK! 
SD Construction.....Complete!
### Adding tracking cuts for neutron  TimeCut(ns)= 10000  KinEnergyCut(MeV)= 0

phot:   for  gamma    SubType= 12
      LambdaPrime table from 200 keV to 10 TeV in 54 bins 
      ===== EM models for the G4Region  DefaultRegionForTheWorld ======
       PhotoElectric :  Emin=        0 eV    Emax=       10 TeV   AngularGenSauterGavrila  FluoActive

compt:   for  gamma    SubType= 13
      Lambda table from 100 eV  to 1 MeV in 28 bins, spline: 1
      LambdaPrime table from 1 MeV to 10 TeV in 49 bins 
      ===== EM models for the G4Region  DefaultRegionForTheWorld ======
       Klein-Nishina :  Emin=        0 eV    Emax=       10 TeV

conv:   for  gamma    SubType= 14
      Lambda table from 1.022 MeV to 10 TeV in 49 bins, spline: 1
      ===== EM models for the G4Region  DefaultRegionForTheWorld ======
        BetheHeitler :  Emin=        0 eV    Emax=       80 GeV
     BetheHeitlerLPM :  Emin=       80 GeV   Emax=       10 TeV

msc:   for e-    SubType= 10
      RangeFactor= 0.04, stepLimitType: 1, latDisplacement: 1
      ===== EM models for the G4Region  DefaultRegionForTheWorld ======
            UrbanMsc :  Emin=        0 eV    Emax=      100 MeV  Table with 42 bins Emin=    100 eV    Emax=    100 MeV
        WentzelVIUni :  Emin=      100 MeV   Emax=       10 TeV  Table with 35 bins Emin=    100 MeV   Emax=     10 TeV

eIoni:   for  e-    SubType= 2
      dE/dx and range tables from 100 eV  to 10 TeV in 77 bins
      Lambda tables from threshold to 10 TeV in 77 bins, spline: 1
      finalRange(mm)= 1, dRoverRange= 0.2, integral: 1, fluct: 1, linLossLimit= 0.01
      ===== EM models for the G4Region  DefaultRegionForTheWorld ======
        MollerBhabha :  Emin=        0 eV    Emax=       10 TeV

eBrem:   for  e-    SubType= 3
      dE/dx and range tables from 100 eV  to 10 TeV in 77 bins
      Lambda tables from threshold to 10 TeV in 77 bins, spline: 1
      LPM flag: 1 for E > 1 GeV
      ===== EM models for the G4Region  DefaultRegionForTheWorld ======
             eBremSB :  Emin=        0 eV    Emax=        1 GeV   DipBustGen
            eBremLPM :  Emin=        1 GeV   Emax=       10 TeV   DipBustGen

CoulombScat:   for  e-    SubType= 1
      Lambda table from 100 MeV to 10 TeV in 35 bins, spline: 1
      180 < Theta(degree) < 180; pLimit(GeV^1)= 0.139531
      ===== EM models for the G4Region  DefaultRegionForTheWorld ======
  eCoulombScattering :  Emin=      100 MeV   Emax=       10 TeV

msc:   for e+    SubType= 10
      RangeFactor= 0.04, stepLimitType: 1, latDisplacement: 1
      ===== EM models for the G4Region  DefaultRegionForTheWorld ======
            UrbanMsc :  Emin=        0 eV    Emax=      100 MeV  Table with 42 bins Emin=    100 eV    Emax=    100 MeV
        WentzelVIUni :  Emin=      100 MeV   Emax=       10 TeV  Table with 35 bins Emin=    100 MeV   Emax=     10 TeV

eIoni:   for  e+    SubType= 2
      dE/dx and range tables from 100 eV  to 10 TeV in 77 bins
      Lambda tables from threshold to 10 TeV in 77 bins, spline: 1
      finalRange(mm)= 1, dRoverRange= 0.2, integral: 1, fluct: 1, linLossLimit= 0.01
      ===== EM models for the G4Region  DefaultRegionForTheWorld ======
        MollerBhabha :  Emin=        0 eV    Emax=       10 TeV

eBrem:   for  e+    SubType= 3
      dE/dx and range tables from 100 eV  to 10 TeV in 77 bins
      Lambda tables from threshold to 10 TeV in 77 bins, spline: 1
      LPM flag: 1 for E > 1 GeV
      ===== EM models for the G4Region  DefaultRegionForTheWorld ======
             eBremSB :  Emin=        0 eV    Emax=        1 GeV   DipBustGen
            eBremLPM :  Emin=        1 GeV   Emax=       10 TeV   DipBustGen

annihil:   for  e+    SubType= 5
      ===== EM models for the G4Region  DefaultRegionForTheWorld ======
            eplus2gg :  Emin=        0 eV    Emax=       10 TeV

CoulombScat:   for  e+    SubType= 1
      Lambda table from 100 MeV to 10 TeV in 35 bins, spline: 1
      180 < Theta(degree) < 180; pLimit(GeV^1)= 0.139531
      ===== EM models for the G4Region  DefaultRegionForTheWorld ======
  eCoulombScattering :  Emin=      100 MeV   Emax=       10 TeV

msc:   for proton    SubType= 10
      RangeFactor= 0.2, step limit type: 0, lateralDisplacement: 1, polarAngleLimit(deg)= 180
      ===== EM models for the G4Region  DefaultRegionForTheWorld ======
        WentzelVIUni :  Emin=        0 eV    Emax=       10 TeV  Table with 77 bins Emin=    100 eV    Emax=     10 TeV

hIoni:   for  proton    SubType= 2
      dE/dx and range tables from 100 eV  to 10 TeV in 77 bins
      Lambda tables from threshold to 10 TeV in 77 bins, spline: 1
      finalRange(mm)= 0.1, dRoverRange= 0.2, integral: 1, fluct: 1, linLossLimit= 0.01
      ===== EM models for the G4Region  DefaultRegionForTheWorld ======
               Bragg :  Emin=        0 eV    Emax=        2 MeV
          BetheBloch :  Emin=        2 MeV   Emax=       10 TeV

hBrems:   for  proton    SubType= 3
      dE/dx and range tables from 100 eV  to 10 TeV in 77 bins
      Lambda tables from threshold to 10 TeV in 77 bins, spline: 1
      ===== EM models for the G4Region  DefaultRegionForTheWorld ======
               hBrem :  Emin=        0 eV    Emax=       10 TeV

hPairProd:   for  proton    SubType= 4
      dE/dx and range tables from 100 eV  to 10 TeV in 77 bins
      Lambda tables from threshold to 10 TeV in 77 bins, spline: 1
      Sampling table 13x1001; from 7.50618 GeV to 10 TeV 
      ===== EM models for the G4Region  DefaultRegionForTheWorld ======
           hPairProd :  Emin=        0 eV    Emax=       10 TeV

CoulombScat:   for  proton    SubType= 1
      Lambda table from 100 eV  to 10 TeV in 44 bins, spline: 1
      180 < Theta(degree) < 180; pLimit(GeV^1)= 0.139531
      ===== EM models for the G4Region  DefaultRegionForTheWorld ======
  eCoulombScattering :  Emin=        0 eV    Emax=       10 TeV

msc:   for GenericIon    SubType= 10
      RangeFactor= 0.2, stepLimitType: 0, latDisplacement: 0
      ===== EM models for the G4Region  DefaultRegionForTheWorld ======
            UrbanMsc :  Emin=        0 eV    Emax=       10 TeV

ionIoni:   for  GenericIon    SubType= 2
      dE/dx and range tables from 100 eV  to 10 TeV in 77 bins
      Lambda tables from threshold to 10 TeV in 77 bins, spline: 1
      finalRange(mm)= 0.01, dRoverRange= 0.1, integral: 1, fluct: 1, linLossLimit= 0.02
      Stopping Power data for 17 ion/material pairs 
      ===== EM models for the G4Region  DefaultRegionForTheWorld ======
            BraggIon :  Emin=        0 eV    Emax=        2 MeV
          BetheBloch :  Emin=        2 MeV   Emax=       10 TeV

msc:   for alpha    SubType= 10
      RangeFactor= 0.2, stepLimitType: 0, latDisplacement: 0
      ===== EM models for the G4Region  DefaultRegionForTheWorld ======
            UrbanMsc :  Emin=        0 eV    Emax=       10 TeV  Table with 77 bins Emin=    100 eV    Emax=     10 TeV

ionIoni:   for  alpha    SubType= 2
      dE/dx and range tables from 100 eV  to 10 TeV in 77 bins
      Lambda tables from threshold to 10 TeV in 77 bins, spline: 1
      finalRange(mm)= 0.01, dRoverRange= 0.1, integral: 1, fluct: 1, linLossLimit= 0.02
      ===== EM models for the G4Region  DefaultRegionForTheWorld ======
            BraggIon :  Emin=        0 eV    Emax=   7.9452 MeV
          BetheBloch :  Emin=   7.9452 MeV   Emax=       10 TeV

msc:   for anti_proton    SubType= 10
      RangeFactor= 0.2, step limit type: 0, lateralDisplacement: 1, polarAngleLimit(deg)= 180
      ===== EM models for the G4Region  DefaultRegionForTheWorld ======
        WentzelVIUni :  Emin=        0 eV    Emax=       10 TeV  Table with 77 bins Emin=    100 eV    Emax=     10 TeV

hIoni:   for  anti_proton    SubType= 2
      dE/dx and range tables from 100 eV  to 10 TeV in 77 bins
      Lambda tables from threshold to 10 TeV in 77 bins, spline: 1
      finalRange(mm)= 0.1, dRoverRange= 0.2, integral: 1, fluct: 1, linLossLimit= 0.01
      ===== EM models for the G4Region  DefaultRegionForTheWorld ======
            ICRU73QO :  Emin=        0 eV    Emax=        2 MeV
          BetheBloch :  Emin=        2 MeV   Emax=       10 TeV

hBrems:   for  anti_proton    SubType= 3
      dE/dx and range tables from 100 eV  to 10 TeV in 77 bins
      Lambda tables from threshold to 10 TeV in 77 bins, spline: 1
      ===== EM models for the G4Region  DefaultRegionForTheWorld ======
               hBrem :  Emin=        0 eV    Emax=       10 TeV

hPairProd:   for  anti_proton    SubType= 4
      dE/dx and range tables from 100 eV  to 10 TeV in 77 bins
      Lambda tables from threshold to 10 TeV in 77 bins, spline: 1
      Sampling table 13x1001; from 7.50618 GeV to 10 TeV 
      ===== EM models for the G4Region  DefaultRegionForTheWorld ======
           hPairProd :  Emin=        0 eV    Emax=       10 TeV

msc:   for kaon+    SubType= 10
      RangeFactor= 0.2, step limit type: 0, lateralDisplacement: 1, polarAngleLimit(deg)= 180
      ===== EM models for the G4Region  DefaultRegionForTheWorld ======
        WentzelVIUni :  Emin=        0 eV    Emax=       10 TeV  Table with 77 bins Emin=    100 eV    Emax=     10 TeV

hIoni:   for  kaon+    SubType= 2
      dE/dx and range tables from 100 eV  to 10 TeV in 77 bins
      Lambda tables from threshold to 10 TeV in 77 bins, spline: 1
      finalRange(mm)= 0.1, dRoverRange= 0.2, integral: 1, fluct: 1, linLossLimit= 0.01
      ===== EM models for the G4Region  DefaultRegionForTheWorld ======
               Bragg :  Emin=        0 eV    Emax=  1.05231 MeV
          BetheBloch :  Emin=  1.05231 MeV   Emax=       10 TeV

hBrems:   for  kaon+    SubType= 3
      dE/dx and range tables from 100 eV  to 10 TeV in 77 bins
      Lambda tables from threshold to 10 TeV in 77 bins, spline: 1
      ===== EM models for the G4Region  DefaultRegionForTheWorld ======
               hBrem :  Emin=        0 eV    Emax=       10 TeV

hPairProd:   for  kaon+    SubType= 4
      dE/dx and range tables from 100 eV  to 10 TeV in 77 bins
      Lambda tables from threshold to 10 TeV in 77 bins, spline: 1
      Sampling table 14x1001; from 3.94942 GeV to 10 TeV 
      ===== EM models for the G4Region  DefaultRegionForTheWorld ======
           hPairProd :  Emin=        0 eV    Emax=       10 TeV

CoulombScat:   for  kaon+    SubType= 1
      Lambda table from 100 eV  to 10 TeV in 42 bins, spline: 1
      180 < Theta(degree) < 180; pLimit(GeV^1)= 0.139531
      ===== EM models for the G4Region  DefaultRegionForTheWorld ======
  eCoulombScattering :  Emin=        0 eV    Emax=       10 TeV

msc:   for kaon-    SubType= 10
      RangeFactor= 0.2, step limit type: 0, lateralDisplacement: 1, polarAngleLimit(deg)= 180
      ===== EM models for the G4Region  DefaultRegionForTheWorld ======
        WentzelVIUni :  Emin=        0 eV    Emax=       10 TeV  Table with 77 bins Emin=    100 eV    Emax=     10 TeV

hIoni:   for  kaon-    SubType= 2
      dE/dx and range tables from 100 eV  to 10 TeV in 77 bins
      Lambda tables from threshold to 10 TeV in 77 bins, spline: 1
      finalRange(mm)= 0.1, dRoverRange= 0.2, integral: 1, fluct: 1, linLossLimit= 0.01
      ===== EM models for the G4Region  DefaultRegionForTheWorld ======
            ICRU73QO :  Emin=        0 eV    Emax=  1.05231 MeV
          BetheBloch :  Emin=  1.05231 MeV   Emax=       10 TeV

hBrems:   for  kaon-    SubType= 3
      dE/dx and range tables from 100 eV  to 10 TeV in 77 bins
      Lambda tables from threshold to 10 TeV in 77 bins, spline: 1
      ===== EM models for the G4Region  DefaultRegionForTheWorld ======
               hBrem :  Emin=        0 eV    Emax=       10 TeV

hPairProd:   for  kaon-    SubType= 4
      dE/dx and range tables from 100 eV  to 10 TeV in 77 bins
      Lambda tables from threshold to 10 TeV in 77 bins, spline: 1
      Sampling table 14x1001; from 3.94942 GeV to 10 TeV 
      ===== EM models for the G4Region  DefaultRegionForTheWorld ======
           hPairProd :  Emin=        0 eV    Emax=       10 TeV

msc:   for mu+    SubType= 10
      RangeFactor= 0.2, step limit type: 0, lateralDisplacement: 1, polarAngleLimit(deg)= 180
      ===== EM models for the G4Region  DefaultRegionForTheWorld ======
        WentzelVIUni :  Emin=        0 eV    Emax=       10 TeV  Table with 77 bins Emin=    100 eV    Emax=     10 TeV

muIoni:   for  mu+    SubType= 2
      dE/dx and range tables from 100 eV  to 10 TeV in 77 bins
      Lambda tables from threshold to 10 TeV in 77 bins, spline: 1
      finalRange(mm)= 1, dRoverRange= 0.2, integral: 1, fluct: 1, linLossLimit= 0.01
      ===== EM models for the G4Region  DefaultRegionForTheWorld ======
               Bragg :  Emin=        0 eV    Emax=      200 keV
          BetheBloch :  Emin=      200 keV   Emax=        1 GeV
        MuBetheBloch :  Emin=        1 GeV   Emax=       10 TeV

muBrems:   for  mu+    SubType= 3
      dE/dx and range tables from 100 eV  to 10 TeV in 77 bins
      Lambda tables from threshold to 10 TeV in 77 bins, spline: 1
      ===== EM models for the G4Region  DefaultRegionForTheWorld ======
              MuBrem :  Emin=        0 eV    Emax=       10 TeV

muPairProd:   for  mu+    SubType= 4
      dE/dx and range tables from 100 eV  to 10 TeV in 77 bins
      Lambda tables from threshold to 10 TeV in 77 bins, spline: 1
      Sampling table 17x1001; from 1 GeV to 10 TeV 
      ===== EM models for the G4Region  DefaultRegionForTheWorld ======
          muPairProd :  Emin=        0 eV    Emax=       10 TeV

CoulombScat:   for  mu+    SubType= 1
      Lambda table from 100 eV  to 10 TeV in 38 bins, spline: 1
      180 < Theta(degree) < 180; pLimit(GeV^1)= 0.139531
      ===== EM models for the G4Region  DefaultRegionForTheWorld ======
  eCoulombScattering :  Emin=        0 eV    Emax=       10 TeV

msc:   for mu-    SubType= 10
      RangeFactor= 0.2, step limit type: 0, lateralDisplacement: 1, polarAngleLimit(deg)= 180
      ===== EM models for the G4Region  DefaultRegionForTheWorld ======
        WentzelVIUni :  Emin=        0 eV    Emax=       10 TeV  Table with 77 bins Emin=    100 eV    Emax=     10 TeV

muIoni:   for  mu-    SubType= 2
      dE/dx and range tables from 100 eV  to 10 TeV in 77 bins
      Lambda tables from threshold to 10 TeV in 77 bins, spline: 1
      finalRange(mm)= 1, dRoverRange= 0.2, integral: 1, fluct: 1, linLossLimit= 0.01
      ===== EM models for the G4Region  DefaultRegionForTheWorld ======
            ICRU73QO :  Emin=        0 eV    Emax=      200 keV
          BetheBloch :  Emin=      200 keV   Emax=        1 GeV
        MuBetheBloch :  Emin=        1 GeV   Emax=       10 TeV

muBrems:   for  mu-    SubType= 3
      dE/dx and range tables from 100 eV  to 10 TeV in 77 bins
      Lambda tables from threshold to 10 TeV in 77 bins, spline: 1
      ===== EM models for the G4Region  DefaultRegionForTheWorld ======
              MuBrem :  Emin=        0 eV    Emax=       10 TeV

muPairProd:   for  mu-    SubType= 4
      dE/dx and range tables from 100 eV  to 10 TeV in 77 bins
      Lambda tables from threshold to 10 TeV in 77 bins, spline: 1
      Sampling table 17x1001; from 1 GeV to 10 TeV 
      ===== EM models for the G4Region  DefaultRegionForTheWorld ======
          muPairProd :  Emin=        0 eV    Emax=       10 TeV

CoulombScat:   for  mu-    SubType= 1
      Lambda table from 100 eV  to 10 TeV in 38 bins, spline: 1
      180 < Theta(degree) < 180; pLimit(GeV^1)= 0.139531
      ===== EM models for the G4Region  DefaultRegionForTheWorld ======
  eCoulombScattering :  Emin=        0 eV    Emax=       10 TeV

msc:   for pi+    SubType= 10
      RangeFactor= 0.2, step limit type: 0, lateralDisplacement: 1, polarAngleLimit(deg)= 180
      ===== EM models for the G4Region  DefaultRegionForTheWorld ======
        WentzelVIUni :  Emin=        0 eV    Emax=       10 TeV  Table with 77 bins Emin=    100 eV    Emax=     10 TeV

hIoni:   for  pi+    SubType= 2
      dE/dx and range tables from 100 eV  to 10 TeV in 77 bins
      Lambda tables from threshold to 10 TeV in 77 bins, spline: 1
      finalRange(mm)= 0.1, dRoverRange= 0.2, integral: 1, fluct: 1, linLossLimit= 0.01
      ===== EM models for the G4Region  DefaultRegionForTheWorld ======
               Bragg :  Emin=        0 eV    Emax=  297.505 keV
          BetheBloch :  Emin=  297.505 keV   Emax=       10 TeV

hBrems:   for  pi+    SubType= 3
      dE/dx and range tables from 100 eV  to 10 TeV in 77 bins
      Lambda tables from threshold to 10 TeV in 77 bins, spline: 1
      ===== EM models for the G4Region  DefaultRegionForTheWorld ======
               hBrem :  Emin=        0 eV    Emax=       10 TeV

hPairProd:   for  pi+    SubType= 4
      dE/dx and range tables from 100 eV  to 10 TeV in 77 bins
      Lambda tables from threshold to 10 TeV in 77 bins, spline: 1
      Sampling table 16x1001; from 1.11656 GeV to 10 TeV 
      ===== EM models for the G4Region  DefaultRegionForTheWorld ======
           hPairProd :  Emin=        0 eV    Emax=       10 TeV

CoulombScat:   for  pi+    SubType= 1
      Lambda table from 100 eV  to 10 TeV in 39 bins, spline: 1
      180 < Theta(degree) < 180; pLimit(GeV^1)= 0.139531
      ===== EM models for the G4Region  DefaultRegionForTheWorld ======
  eCoulombScattering :  Emin=        0 eV    Emax=       10 TeV

msc:   for pi-    SubType= 10
      RangeFactor= 0.2, step limit type: 0, lateralDisplacement: 1, polarAngleLimit(deg)= 180
      ===== EM models for the G4Region  DefaultRegionForTheWorld ======
        WentzelVIUni :  Emin=        0 eV    Emax=       10 TeV  Table with 77 bins Emin=    100 eV    Emax=     10 TeV

hIoni:   for  pi-    SubType= 2
      dE/dx and range tables from 100 eV  to 10 TeV in 77 bins
      Lambda tables from threshold to 10 TeV in 77 bins, spline: 1
      finalRange(mm)= 0.1, dRoverRange= 0.2, integral: 1, fluct: 1, linLossLimit= 0.01
      ===== EM models for the G4Region  DefaultRegionForTheWorld ======
            ICRU73QO :  Emin=        0 eV    Emax=  297.505 keV
          BetheBloch :  Emin=  297.505 keV   Emax=       10 TeV

hBrems:   for  pi-    SubType= 3
      dE/dx and range tables from 100 eV  to 10 TeV in 77 bins
      Lambda tables from threshold to 10 TeV in 77 bins, spline: 1
      ===== EM models for the G4Region  DefaultRegionForTheWorld ======
               hBrem :  Emin=        0 eV    Emax=       10 TeV

hPairProd:   for  pi-    SubType= 4
      dE/dx and range tables from 100 eV  to 10 TeV in 77 bins
      Lambda tables from threshold to 10 TeV in 77 bins, spline: 1
      Sampling table 16x1001; from 1.11656 GeV to 10 TeV 
      ===== EM models for the G4Region  DefaultRegionForTheWorld ======
           hPairProd :  Emin=        0 eV    Emax=       10 TeV

====================================================================
                  HADRONIC PROCESSES SUMMARY (verbose level 1)

---------------------------------------------------
                           Hadronic Processes for GenericIon

  Process: ionInelastic
        Model:  Binary Light Ion Cascade: 0 eV  ---> 4 GeV
        Model:                      FTFP: 2 GeV ---> 100 TeV
     Cr_sctns: Glauber-Gribov nucleus nucleus: 0 eV  ---> 2.88022e+295 J  
     Cr_sctns:          GheishaInelastic: 0 eV  ---> 100 TeV

---------------------------------------------------
                           Hadronic Processes for anti_neutron

  Process: hadElastic
        Model:              hElasticLHEP: 0 eV  ---> 100 TeV
     Cr_sctns:            GheishaElastic: 0 eV  ---> 100 TeV

  Process: anti_neutronInelastic
        Model:                      FTFP: 0 eV  ---> 100 TeV
     Cr_sctns:              AntiAGlauber: 0 eV  ---> 2.88022e+295 J  
     Cr_sctns:          GheishaInelastic: 0 eV  ---> 100 TeV

---------------------------------------------------
                           Hadronic Processes for anti_proton

  Process: hadElastic
        Model:              hElasticLHEP: 0 eV  ---> 100.1 MeV
        Model:              AntiAElastic: 100 MeV ---> 100 TeV
     Cr_sctns:              AntiAGlauber: 0 eV  ---> 2.88022e+295 J  
     Cr_sctns:            GheishaElastic: 0 eV  ---> 100 TeV

  Process: anti_protonInelastic
        Model:                      FTFP: 0 eV  ---> 100 TeV
     Cr_sctns:              AntiAGlauber: 0 eV  ---> 2.88022e+295 J  
     Cr_sctns:          GheishaInelastic: 0 eV  ---> 100 TeV

  Process: hFritiofCaptureAtRest

---------------------------------------------------
                           Hadronic Processes for e+

  Process: positronNuclear
        Model:   G4ElectroVDNuclearModel: 0 eV  ---> 1 PeV
     Cr_sctns:          ElectroNuclearXS: 0 eV  ---> 100 TeV
     Cr_sctns:          GheishaInelastic: 0 eV  ---> 100 TeV

---------------------------------------------------
                           Hadronic Processes for e-

  Process: electronNuclear
        Model:   G4ElectroVDNuclearModel: 0 eV  ---> 1 PeV
     Cr_sctns:          ElectroNuclearXS: 0 eV  ---> 100 TeV
     Cr_sctns:          GheishaInelastic: 0 eV  ---> 100 TeV

---------------------------------------------------
                           Hadronic Processes for gamma

  Process: photonNuclear
        Model:            BertiniCascade: 0 eV  ---> 3.5 GeV
        Model:           TheoFSGenerator: 3 GeV ---> 100 TeV
     Cr_sctns:            PhotoNuclearXS: 0 eV  ---> 100 TeV
     Cr_sctns:          GheishaInelastic: 0 eV  ---> 100 TeV

---------------------------------------------------
                           Hadronic Processes for kaon+

  Process: hadElastic
        Model:              hElasticLHEP: 0 eV  ---> 100 TeV
     Cr_sctns:            GheishaElastic: 0 eV  ---> 100 TeV

  Process: kaon+Inelastic
        Model:                      FTFP: 4 GeV ---> 100 TeV
        Model:            BertiniCascade: 0 eV  ---> 5 GeV
     Cr_sctns:  ChipsKaonPlusInelasticXS: 0 eV  ---> 100 TeV
     Cr_sctns:          GheishaInelastic: 0 eV  ---> 100 TeV

---------------------------------------------------
                           Hadronic Processes for kaon-

  Process: hadElastic
        Model:              hElasticLHEP: 0 eV  ---> 100 TeV
     Cr_sctns:            GheishaElastic: 0 eV  ---> 100 TeV

  Process: kaon-Inelastic
        Model:                      FTFP: 4 GeV ---> 100 TeV
        Model:            BertiniCascade: 0 eV  ---> 5 GeV
     Cr_sctns: ChipsKaonMinusInelasticXS: 0 eV  ---> 100 TeV
     Cr_sctns:          GheishaInelastic: 0 eV  ---> 100 TeV

  Process: hBertiniCaptureAtRest

---------------------------------------------------
                           Hadronic Processes for lambda

  Process: hadElastic
        Model:              hElasticLHEP: 0 eV  ---> 100 TeV
     Cr_sctns:            GheishaElastic: 0 eV  ---> 100 TeV

  Process: lambdaInelastic
        Model:            BertiniCascade: 0 eV  ---> 6 GeV
        Model:                      FTFP: 2 GeV ---> 100 TeV
     Cr_sctns:   ChipsHyperonInelasticXS: 0 eV  ---> 100 TeV
     Cr_sctns:          GheishaInelastic: 0 eV  ---> 100 TeV

---------------------------------------------------
                           Hadronic Processes for mu-

  Process: muMinusCaptureAtRest

---------------------------------------------------
                           Hadronic Processes for neutron

  Process: hadElastic
        Model:             hElasticCHIPS: 0 eV  ---> 100 TeV
     Cr_sctns:     ChipsNeutronElasticXS: 0 eV  ---> 100 TeV
     Cr_sctns:            GheishaElastic: 0 eV  ---> 100 TeV

  Process: neutronInelastic
        Model:                      FTFP: 4 GeV ---> 100 TeV
        Model:            BertiniCascade: 0 eV  ---> 5 GeV
     Cr_sctns:      G4NeutronInelasticXS: 0 eV  ---> 100 TeV
     Cr_sctns:       Barashenkov-Glauber: 0 eV  ---> 100 TeV
     Cr_sctns:          GheishaInelastic: 0 eV  ---> 100 TeV

  Process: nCapture
        Model:               nRadCapture: 0 eV  ---> 100 TeV
     Cr_sctns:        G4NeutronCaptureXS: 0 eV  ---> 100 TeV
     Cr_sctns:          GheishaCaptureXS: 0 eV  ---> 100 TeV

---------------------------------------------------
                           Hadronic Processes for pi+

  Process: hadElastic
        Model:              hElasticLHEP: 0 eV  ---> 1.0001 GeV
        Model:           hElasticGlauber: 1 GeV ---> 100 TeV
     Cr_sctns:       Barashenkov-Glauber: 0 eV  ---> 100 TeV
     Cr_sctns:            GheishaElastic: 0 eV  ---> 100 TeV

  Process: pi+Inelastic
        Model:                      FTFP: 4 GeV ---> 100 TeV
        Model:            BertiniCascade: 0 eV  ---> 5 GeV
     Cr_sctns:      G4CrossSectionPairGG: 0 eV  ---> 100 TeV
                         G4CrossSectionPairGG: G4PiNuclearCrossSection cross sections 
                           below 91 GeV, Glauber-Gribov above 
     Cr_sctns:          GheishaInelastic: 0 eV  ---> 100 TeV

---------------------------------------------------
                           Hadronic Processes for pi-

  Process: hadElastic
        Model:              hElasticLHEP: 0 eV  ---> 1.0001 GeV
        Model:           hElasticGlauber: 1 GeV ---> 100 TeV
     Cr_sctns:       Barashenkov-Glauber: 0 eV  ---> 100 TeV
     Cr_sctns:            GheishaElastic: 0 eV  ---> 100 TeV

  Process: pi-Inelastic
        Model:                      FTFP: 4 GeV ---> 100 TeV
        Model:            BertiniCascade: 0 eV  ---> 5 GeV
     Cr_sctns:      G4CrossSectionPairGG: 0 eV  ---> 100 TeV
                         G4CrossSectionPairGG: G4PiNuclearCrossSection cross sections 
                           below 91 GeV, Glauber-Gribov above 
     Cr_sctns:          GheishaInelastic: 0 eV  ---> 100 TeV

  Process: hBertiniCaptureAtRest

---------------------------------------------------
                           Hadronic Processes for proton

  Process: hadElastic
        Model:             hElasticCHIPS: 0 eV  ---> 100 TeV
     Cr_sctns:      ChipsProtonElasticXS: 0 eV  ---> 100 TeV
     Cr_sctns:            GheishaElastic: 0 eV  ---> 100 TeV

  Process: protonInelastic
        Model:                      FTFP: 4 GeV ---> 100 TeV
        Model:            BertiniCascade: 0 eV  ---> 5 GeV
     Cr_sctns:       Barashenkov-Glauber: 0 eV  ---> 100 TeV
     Cr_sctns:          GheishaInelastic: 0 eV  ---> 100 TeV

================================================================
G4WT0 > 
G4WT0 > ^^^^^^^^^^^^^^^^^^^^^^^^^^^^^^^^^^^^^^^^^^^^^^^^^^^^^^^^^^^^^^^^^^^^^^^
G4WT0 >  Local thread RunManagerKernel version Name: geant4-10-00-patch-01 [MT]
G4WT0 > ^^^^^^^^^^^^^^^^^^^^^^^^^^^^^^^^^^^^^^^^^^^^^^^^^^^^^^^^^^^^^^^^^^^^^^^
G4WT0 > 
G4WT1 > 
G4WT1 > ^^^^^^^^^^^^^^^^^^^^^^^^^^^^^^^^^^^^^^^^^^^^^^^^^^^^^^^^^^^^^^^^^^^^^^^
G4WT1 >  Local thread RunManagerKernel version Name: geant4-10-00-patch-01 [MT]
G4WT1 > ^^^^^^^^^^^^^^^^^^^^^^^^^^^^^^^^^^^^^^^^^^^^^^^^^^^^^^^^^^^^^^^^^^^^^^^
G4WT1 > 
G4WT3 > 
G4WT3 > ^^^^^^^^^^^^^^^^^^^^^^^^^^^^^^^^^^^^^^^^^^^^^^^^^^^^^^^^^^^^^^^^^^^^^^^
G4WT3 >  Local thread RunManagerKernel version Name: geant4-10-00-patch-01 [MT]
G4WT3 > ^^^^^^^^^^^^^^^^^^^^^^^^^^^^^^^^^^^^^^^^^^^^^^^^^^^^^^^^^^^^^^^^^^^^^^^
G4WT3 > 
G4WT0 > ... create Root ntuple : CalorimeterData ntupleId 0 - done
G4WT0 > ... create Root ntuple D column : Energy_Dep0 ntupleId 0 - done
G4WT0 > ... create Root ntuple D column : Energy_Dep1 ntupleId 0 - done
G4WT0 > ... create Root ntuple D column : Energy_Dep2 ntupleId 0 - done
G4WT0 > ... create Root ntuple D column : Energy_Dep3 ntupleId 0 - done
G4WT0 > ... create Root ntuple D column : Energy_Dep4 ntupleId 0 - done
G4WT0 > ... create Root ntuple D column : Energy_Dep5 ntupleId 0 - done
G4WT0 > ... create Root ntuple D column : Energy_Dep6 ntupleId 0 - done
G4WT0 > ... create Root ntuple D column : Energy_Dep7 ntupleId 0 - done
G4WT0 > ... create Root ntuple D column : Energy_Dep8 ntupleId 0 - done
G4WT0 > ... create Root ntuple D column : Energy_Dep9 ntupleId 0 - done
G4WT0 > ... create Root ntuple D column : Energy_Dep10 ntupleId 0 - done
G4WT0 > ... create Root ntuple D column : Energy_Dep11 ntupleId 0 - done
G4WT0 > ... create Root ntuple D column : Energy_Dep12 ntupleId 0 - done
G4WT0 > ... create Root ntuple D column : Energy_Dep13 ntupleId 0 - done
G4WT0 > ... create Root ntuple D column : Energy_Dep14 ntupleId 0 - done
G4WT0 > ... create Root ntuple D column : Energy_Dep15 ntupleId 0 - done
G4WT0 > ... create Root ntuple D column : Energy_Dep16 ntupleId 0 - done
G4WT0 > ... create Root ntuple D column : Energy_Dep17 ntupleId 0 - done
G4WT0 > ... create Root ntuple D column : Energy_Dep18 ntupleId 0 - done
G4WT0 > ... create Root ntuple D column : Energy_Dep19 ntupleId 0 - done
G4WT0 > ... create Root ntuple D column : Energy_Dep20 ntupleId 0 - done
G4WT0 > ... create Root ntuple D column : Energy_Dep21 ntupleId 0 - done
G4WT0 > ... create Root ntuple D column : Energy_Dep22 ntupleId 0 - done
G4WT0 > ... create Root ntuple D column : Energy_Dep23 ntupleId 0 - done
G4WT0 > ... create Root ntuple D column : Energy_Dep24 ntupleId 0 - done
G4WT0 > ... create Root ntuple D column : Energy_Dep25 ntupleId 0 - done
G4WT0 > ... create Root ntuple D column : Energy_Dep26 ntupleId 0 - done
G4WT0 > ... create Root ntuple D column : Energy_Dep27 ntupleId 0 - done
G4WT0 > ... create Root ntuple D column : Energy_Dep28 ntupleId 0 - done
G4WT0 > ... create Root ntuple D column : Energy_Dep29 ntupleId 0 - done
G4WT0 > ... create Root ntuple D column : Energy_Dep30 ntupleId 0 - done
G4WT0 > ... create Root ntuple D column : Energy_Dep31 ntupleId 0 - done
G4WT0 > ... create Root ntuple D column : Energy_Dep32 ntupleId 0 - done
G4WT0 > ... create Root ntuple D column : Energy_Dep33 ntupleId 0 - done
G4WT0 > ... create Root ntuple D column : Energy_Dep34 ntupleId 0 - done
G4WT0 > ... create Root ntuple D column : Energy_Dep35 ntupleId 0 - done
G4WT0 > ... create Root ntuple D column : Energy_Dep36 ntupleId 0 - done
G4WT0 > ... create Root ntuple D column : Energy_Dep37 ntupleId 0 - done
G4WT0 > ... create Root ntuple D column : Energy_Dep38 ntupleId 0 - done
G4WT0 > ... create Root ntuple D column : Energy_Dep39 ntupleId 0 - done
G4WT0 > ... create Root ntuple D column : Energy_Dep40 ntupleId 0 - done
G4WT0 > ... create Root ntuple D column : Energy_Dep41 ntupleId 0 - done
G4WT0 > ... create Root ntuple D column : Energy_Dep42 ntupleId 0 - done
G4WT0 > ... create Root ntuple D column : Energy_Dep43 ntupleId 0 - done
G4WT0 > ... create Root ntuple D column : Energy_Dep44 ntupleId 0 - done
G4WT0 > ... create Root ntuple D column : Energy_Dep45 ntupleId 0 - done
G4WT0 > ... create Root ntuple D column : Energy_Dep46 ntupleId 0 - done
G4WT0 > ... create Root ntuple D column : Energy_Dep47 ntupleId 0 - done
G4WT0 > ... create Root ntuple D column : Energy_Dep48 ntupleId 0 - done
G4WT0 > ... create Root ntuple D column : Energy_Dep49 ntupleId 0 - done
G4WT0 > ... create Root ntuple D column : Energy_Dep ntupleId 0 - done
G4WT0 > Action initializer complete
G4WT0 > SD Construction.....Complete!
G4WT3 > ... create Root ntuple : CalorimeterData ntupleId 0 - done
G4WT3 > ... create Root ntuple D column : Energy_Dep0 ntupleId 0 - done
G4WT3 > ... create Root ntuple D column : Energy_Dep1 ntupleId 0 - done
G4WT3 > ... create Root ntuple D column : Energy_Dep2 ntupleId 0 - done
G4WT3 > ... create Root ntuple D column : Energy_Dep3 ntupleId 0 - done
G4WT3 > ... create Root ntuple D column : Energy_Dep4 ntupleId 0 - done
G4WT3 > ... create Root ntuple D column : Energy_Dep5 ntupleId 0 - done
G4WT3 > ... create Root ntuple D column : Energy_Dep6 ntupleId 0 - done
G4WT3 > ... create Root ntuple D column : Energy_Dep7 ntupleId 0 - done
G4WT3 > ... create Root ntuple D column : Energy_Dep8 ntupleId 0 - done
G4WT3 > ... create Root ntuple D column : Energy_Dep9 ntupleId 0 - done
G4WT3 > ... create Root ntuple D column : Energy_Dep10 ntupleId 0 - done
G4WT3 > ... create Root ntuple D column : Energy_Dep11 ntupleId 0 - done
G4WT3 > ... create Root ntuple D column : Energy_Dep12 ntupleId 0 - done
G4WT3 > ... create Root ntuple D column : Energy_Dep13 ntupleId 0 - done
G4WT3 > ... create Root ntuple D column : Energy_Dep14 ntupleId 0 - done
G4WT3 > ... create Root ntuple D column : Energy_Dep15 ntupleId 0 - done
G4WT3 > ... create Root ntuple D column : Energy_Dep16 ntupleId 0 - done
G4WT3 > ... create Root ntuple D column : Energy_Dep17 ntupleId 0 - done
G4WT3 > ... create Root ntuple D column : Energy_Dep18 ntupleId 0 - done
G4WT3 > ... create Root ntuple D column : Energy_Dep19 ntupleId 0 - done
G4WT3 > ... create Root ntuple D column : Energy_Dep20 ntupleId 0 - done
G4WT3 > ... create Root ntuple D column : Energy_Dep21 ntupleId 0 - done
G4WT3 > ... create Root ntuple D column : Energy_Dep22 ntupleId 0 - done
G4WT3 > ... create Root ntuple D column : Energy_Dep23 ntupleId 0 - done
G4WT3 > ... create Root ntuple D column : Energy_Dep24 ntupleId 0 - done
G4WT3 > ... create Root ntuple D column : Energy_Dep25 ntupleId 0 - done
G4WT3 > ... create Root ntuple D column : Energy_Dep26 ntupleId 0 - done
G4WT3 > ... create Root ntuple D column : Energy_Dep27 ntupleId 0 - done
G4WT3 > ... create Root ntuple D column : Energy_Dep28 ntupleId 0 - done
G4WT3 > ... create Root ntuple D column : Energy_Dep29 ntupleId 0 - done
G4WT3 > ... create Root ntuple D column : Energy_Dep30 ntupleId 0 - done
G4WT3 > ... create Root ntuple D column : Energy_Dep31 ntupleId 0 - done
G4WT3 > ... create Root ntuple D column : Energy_Dep32 ntupleId 0 - done
G4WT3 > ... create Root ntuple D column : Energy_Dep33 ntupleId 0 - done
G4WT3 > ... create Root ntuple D column : Energy_Dep34 ntupleId 0 - done
G4WT3 > ... create Root ntuple D column : Energy_Dep35 ntupleId 0 - done
G4WT3 > ... create Root ntuple D column : Energy_Dep36 ntupleId 0 - done
G4WT3 > ... create Root ntuple D column : Energy_Dep37 ntupleId 0 - done
G4WT3 > ... create Root ntuple D column : Energy_Dep38 ntupleId 0 - done
G4WT3 > ... create Root ntuple D column : Energy_Dep39 ntupleId 0 - done
G4WT3 > ... create Root ntuple D column : Energy_Dep40 ntupleId 0 - done
G4WT3 > ... create Root ntuple D column : Energy_Dep41 ntupleId 0 - done
G4WT3 > ... create Root ntuple D column : Energy_Dep42 ntupleId 0 - done
G4WT3 > ... create Root ntuple D column : Energy_Dep43 ntupleId 0 - done
G4WT3 > ... create Root ntuple D column : Energy_Dep44 ntupleId 0 - done
G4WT3 > ... create Root ntuple D column : Energy_Dep45 ntupleId 0 - done
G4WT3 > ... create Root ntuple D column : Energy_Dep46 ntupleId 0 - done
G4WT3 > ... create Root ntuple D column : Energy_Dep47 ntupleId 0 - done
G4WT3 > ... create Root ntuple D column : Energy_Dep48 ntupleId 0 - done
G4WT3 > ... create Root ntuple D column : Energy_Dep49 ntupleId 0 - done
G4WT3 > ... create Root ntuple D column : Energy_Dep ntupleId 0 - done
G4WT3 > Action initializer complete
G4WT3 > SD Construction.....Complete!
G4WT2 > 
G4WT2 > ^^^^^^^^^^^^^^^^^^^^^^^^^^^^^^^^^^^^^^^^^^^^^^^^^^^^^^^^^^^^^^^^^^^^^^^
G4WT2 >  Local thread RunManagerKernel version Name: geant4-10-00-patch-01 [MT]
G4WT2 > ^^^^^^^^^^^^^^^^^^^^^^^^^^^^^^^^^^^^^^^^^^^^^^^^^^^^^^^^^^^^^^^^^^^^^^^
G4WT2 > 
G4WT1 > ... create Root ntuple : CalorimeterData ntupleId 0 - done
G4WT1 > ... create Root ntuple D column : Energy_Dep0 ntupleId 0 - done
G4WT1 > ... create Root ntuple D column : Energy_Dep1 ntupleId 0 - done
G4WT1 > ... create Root ntuple D column : Energy_Dep2 ntupleId 0 - done
G4WT1 > ... create Root ntuple D column : Energy_Dep3 ntupleId 0 - done
G4WT1 > ... create Root ntuple D column : Energy_Dep4 ntupleId 0 - done
G4WT1 > ... create Root ntuple D column : Energy_Dep5 ntupleId 0 - done
G4WT1 > ... create Root ntuple D column : Energy_Dep6 ntupleId 0 - done
G4WT1 > ... create Root ntuple D column : Energy_Dep7 ntupleId 0 - done
G4WT1 > ... create Root ntuple D column : Energy_Dep8 ntupleId 0 - done
G4WT1 > ... create Root ntuple D column : Energy_Dep9 ntupleId 0 - done
G4WT1 > ... create Root ntuple D column : Energy_Dep10 ntupleId 0 - done
G4WT1 > ... create Root ntuple D column : Energy_Dep11 ntupleId 0 - done
G4WT1 > ... create Root ntuple D column : Energy_Dep12 ntupleId 0 - done
G4WT1 > ... create Root ntuple D column : Energy_Dep13 ntupleId 0 - done
G4WT1 > ... create Root ntuple D column : Energy_Dep14 ntupleId 0 - done
G4WT1 > ... create Root ntuple D column : Energy_Dep15 ntupleId 0 - done
G4WT1 > ... create Root ntuple D column : Energy_Dep16 ntupleId 0 - done
G4WT1 > ... create Root ntuple D column : Energy_Dep17 ntupleId 0 - done
G4WT1 > ... create Root ntuple D column : Energy_Dep18 ntupleId 0 - done
G4WT1 > ... create Root ntuple D column : Energy_Dep19 ntupleId 0 - done
G4WT1 > ... create Root ntuple D column : Energy_Dep20 ntupleId 0 - done
G4WT1 > ... create Root ntuple D column : Energy_Dep21 ntupleId 0 - done
G4WT1 > ... create Root ntuple D column : Energy_Dep22 ntupleId 0 - done
G4WT1 > ... create Root ntuple D column : Energy_Dep23 ntupleId 0 - done
G4WT1 > ... create Root ntuple D column : Energy_Dep24 ntupleId 0 - done
G4WT1 > ... create Root ntuple D column : Energy_Dep25 ntupleId 0 - done
G4WT1 > ... create Root ntuple D column : Energy_Dep26 ntupleId 0 - done
G4WT1 > ... create Root ntuple D column : Energy_Dep27 ntupleId 0 - done
G4WT1 > ... create Root ntuple D column : Energy_Dep28 ntupleId 0 - done
G4WT1 > ... create Root ntuple D column : Energy_Dep29 ntupleId 0 - done
G4WT1 > ... create Root ntuple D column : Energy_Dep30 ntupleId 0 - done
G4WT1 > ... create Root ntuple D column : Energy_Dep31 ntupleId 0 - done
G4WT1 > ... create Root ntuple D column : Energy_Dep32 ntupleId 0 - done
G4WT1 > ... create Root ntuple D column : Energy_Dep33 ntupleId 0 - done
G4WT1 > ... create Root ntuple D column : Energy_Dep34 ntupleId 0 - done
G4WT1 > ... create Root ntuple D column : Energy_Dep35 ntupleId 0 - done
G4WT1 > ... create Root ntuple D column : Energy_Dep36 ntupleId 0 - done
G4WT1 > ... create Root ntuple D column : Energy_Dep37 ntupleId 0 - done
G4WT1 > ... create Root ntuple D column : Energy_Dep38 ntupleId 0 - done
G4WT1 > ... create Root ntuple D column : Energy_Dep39 ntupleId 0 - done
G4WT1 > ... create Root ntuple D column : Energy_Dep40 ntupleId 0 - done
G4WT1 > ... create Root ntuple D column : Energy_Dep41 ntupleId 0 - done
G4WT1 > ... create Root ntuple D column : Energy_Dep42 ntupleId 0 - done
G4WT1 > ... create Root ntuple D column : Energy_Dep43 ntupleId 0 - done
G4WT1 > ... create Root ntuple D column : Energy_Dep44 ntupleId 0 - done
G4WT1 > ... create Root ntuple D column : Energy_Dep45 ntupleId 0 - done
G4WT1 > ... create Root ntuple D column : Energy_Dep46 ntupleId 0 - done
G4WT1 > ... create Root ntuple D column : Energy_Dep47 ntupleId 0 - done
G4WT1 > ... create Root ntuple D column : Energy_Dep48 ntupleId 0 - done
G4WT1 > ... create Root ntuple D column : Energy_Dep49 ntupleId 0 - done
G4WT1 > ... create Root ntuple D column : Energy_Dep ntupleId 0 - done
G4WT1 > Action initializer complete
G4WT1 > SD Construction.....Complete!
G4WT2 > ... create Root ntuple : CalorimeterData ntupleId 0 - done
G4WT2 > ... create Root ntuple D column : Energy_Dep0 ntupleId 0 - done
G4WT2 > ... create Root ntuple D column : Energy_Dep1 ntupleId 0 - done
G4WT2 > ... create Root ntuple D column : Energy_Dep2 ntupleId 0 - done
G4WT2 > ... create Root ntuple D column : Energy_Dep3 ntupleId 0 - done
G4WT2 > ... create Root ntuple D column : Energy_Dep4 ntupleId 0 - done
G4WT2 > ... create Root ntuple D column : Energy_Dep5 ntupleId 0 - done
G4WT2 > ... create Root ntuple D column : Energy_Dep6 ntupleId 0 - done
G4WT2 > ... create Root ntuple D column : Energy_Dep7 ntupleId 0 - done
G4WT2 > ... create Root ntuple D column : Energy_Dep8 ntupleId 0 - done
G4WT2 > ... create Root ntuple D column : Energy_Dep9 ntupleId 0 - done
G4WT2 > ... create Root ntuple D column : Energy_Dep10 ntupleId 0 - done
G4WT2 > ... create Root ntuple D column : Energy_Dep11 ntupleId 0 - done
G4WT2 > ... create Root ntuple D column : Energy_Dep12 ntupleId 0 - done
G4WT2 > ... create Root ntuple D column : Energy_Dep13 ntupleId 0 - done
G4WT2 > ... create Root ntuple D column : Energy_Dep14 ntupleId 0 - done
G4WT2 > ... create Root ntuple D column : Energy_Dep15 ntupleId 0 - done
G4WT2 > ... create Root ntuple D column : Energy_Dep16 ntupleId 0 - done
G4WT2 > ... create Root ntuple D column : Energy_Dep17 ntupleId 0 - done
G4WT2 > ... create Root ntuple D column : Energy_Dep18 ntupleId 0 - done
G4WT2 > ... create Root ntuple D column : Energy_Dep19 ntupleId 0 - done
G4WT2 > ... create Root ntuple D column : Energy_Dep20 ntupleId 0 - done
G4WT2 > ... create Root ntuple D column : Energy_Dep21 ntupleId 0 - done
G4WT2 > ... create Root ntuple D column : Energy_Dep22 ntupleId 0 - done
G4WT2 > ... create Root ntuple D column : Energy_Dep23 ntupleId 0 - done
G4WT2 > ... create Root ntuple D column : Energy_Dep24 ntupleId 0 - done
G4WT2 > ... create Root ntuple D column : Energy_Dep25 ntupleId 0 - done
G4WT2 > ... create Root ntuple D column : Energy_Dep26 ntupleId 0 - done
G4WT2 > ... create Root ntuple D column : Energy_Dep27 ntupleId 0 - done
G4WT2 > ... create Root ntuple D column : Energy_Dep28 ntupleId 0 - done
G4WT2 > ... create Root ntuple D column : Energy_Dep29 ntupleId 0 - done
G4WT2 > ... create Root ntuple D column : Energy_Dep30 ntupleId 0 - done
G4WT2 > ... create Root ntuple D column : Energy_Dep31 ntupleId 0 - done
G4WT2 > ... create Root ntuple D column : Energy_Dep32 ntupleId 0 - done
G4WT2 > ... create Root ntuple D column : Energy_Dep33 ntupleId 0 - done
G4WT2 > ... create Root ntuple D column : Energy_Dep34 ntupleId 0 - done
G4WT2 > ... create Root ntuple D column : Energy_Dep35 ntupleId 0 - done
G4WT2 > ... create Root ntuple D column : Energy_Dep36 ntupleId 0 - done
G4WT2 > ... create Root ntuple D column : Energy_Dep37 ntupleId 0 - done
G4WT2 > ... create Root ntuple D column : Energy_Dep38 ntupleId 0 - done
G4WT2 > ... create Root ntuple D column : Energy_Dep39 ntupleId 0 - done
G4WT2 > ... create Root ntuple D column : Energy_Dep40 ntupleId 0 - done
G4WT2 > ... create Root ntuple D column : Energy_Dep41 ntupleId 0 - done
G4WT2 > ... create Root ntuple D column : Energy_Dep42 ntupleId 0 - done
G4WT2 > ... create Root ntuple D column : Energy_Dep43 ntupleId 0 - done
G4WT2 > ... create Root ntuple D column : Energy_Dep44 ntupleId 0 - done
G4WT2 > ... create Root ntuple D column : Energy_Dep45 ntupleId 0 - done
G4WT2 > ... create Root ntuple D column : Energy_Dep46 ntupleId 0 - done
G4WT2 > ... create Root ntuple D column : Energy_Dep47 ntupleId 0 - done
G4WT2 > ... create Root ntuple D column : Energy_Dep48 ntupleId 0 - done
G4WT2 > ... create Root ntuple D column : Energy_Dep49 ntupleId 0 - done
G4WT2 > ... create Root ntuple D column : Energy_Dep ntupleId 0 - done
G4WT2 > Action initializer complete
G4WT2 > SD Construction.....Complete!
G4WT0 > ### Adding tracking cuts for neutron  TimeCut(ns)= 10000  KinEnergyCut(MeV)= 0
G4WT3 > ### Adding tracking cuts for neutron  TimeCut(ns)= 10000  KinEnergyCut(MeV)= 0
G4WT1 > ### Adding tracking cuts for neutron  TimeCut(ns)= 10000  KinEnergyCut(MeV)= 0
G4WT2 > ### Adding tracking cuts for neutron  TimeCut(ns)= 10000  KinEnergyCut(MeV)= 0
G4WT2 > 
G4WT2 > phot:   for  gamma    SubType= 12
G4WT2 >       LambdaPrime table from 200 keV to 10 TeV in 54 bins 
G4WT2 >       ===== EM models for the G4Region  DefaultRegionForTheWorld ======
G4WT2 >        PhotoElectric :  Emin=        0 eV    Emax=       10 TeV   AngularGenSauterGavrila  FluoActive
G4WT2 > 
G4WT2 > compt:   for  gamma    SubType= 13
G4WT2 >       Lambda table from 100 eV  to 1 MeV in 28 bins, spline: 1
G4WT2 >       LambdaPrime table from 1 MeV to 10 TeV in 49 bins 
G4WT2 >       ===== EM models for the G4Region  DefaultRegionForTheWorld ======
G4WT2 >        Klein-Nishina :  Emin=        0 eV    Emax=       10 TeV
G4WT2 > 
G4WT2 > conv:   for  gamma    SubType= 14
G4WT2 >       Lambda table from 1.022 MeV to 10 TeV in 49 bins, spline: 1
G4WT2 >       ===== EM models for the G4Region  DefaultRegionForTheWorld ======
G4WT2 >         BetheHeitler :  Emin=        0 eV    Emax=       80 GeV
G4WT2 >      BetheHeitlerLPM :  Emin=       80 GeV   Emax=       10 TeV
G4WT2 > 
G4WT2 > msc:   for e-    SubType= 10
G4WT2 >       RangeFactor= 0.04, stepLimitType: 1, latDisplacement: 1
G4WT2 >       ===== EM models for the G4Region  DefaultRegionForTheWorld ======
G4WT2 >             UrbanMsc :  Emin=        0 eV    Emax=      100 MeV  Table with 42 bins Emin=    100 eV    Emax=    100 MeV
G4WT2 >         WentzelVIUni :  Emin=      100 MeV   Emax=       10 TeV  Table with 35 bins Emin=    100 MeV   Emax=     10 TeV
G4WT3 > 
G4WT3 > phot:   for  gamma    SubType= 12
G4WT3 >       LambdaPrime table from 200 keV to 10 TeV in 54 bins 
G4WT3 >       ===== EM models for the G4Region  DefaultRegionForTheWorld ======
G4WT3 >        PhotoElectric :  Emin=        0 eV    Emax=       10 TeV   AngularGenSauterGavrila  FluoActive
G4WT3 > 
G4WT3 > compt:   for  gamma    SubType= 13
G4WT3 >       Lambda table from 100 eV  to 1 MeV in 28 bins, spline: 1
G4WT3 >       LambdaPrime table from 1 MeV to 10 TeV in 49 bins 
G4WT3 >       ===== EM models for the G4Region  DefaultRegionForTheWorld ======
G4WT3 >        Klein-Nishina :  Emin=        0 eV    Emax=       10 TeV
G4WT3 > 
G4WT3 > conv:   for  gamma    SubType= 14
G4WT3 >       Lambda table from 1.022 MeV to 10 TeV in 49 bins, spline: 1
G4WT3 >       ===== EM models for the G4Region  DefaultRegionForTheWorld ======
G4WT3 >         BetheHeitler :  Emin=        0 eV    Emax=       80 GeV
G4WT3 >      BetheHeitlerLPM :  Emin=       80 GeV   Emax=       10 TeV
G4WT3 > 
G4WT3 > msc:   for e-    SubType= 10
G4WT3 >       RangeFactor= 0.04, stepLimitType: 1, latDisplacement: 1
G4WT3 >       ===== EM models for the G4Region  DefaultRegionForTheWorld ======
G4WT3 >             UrbanMsc :  Emin=        0 eV    Emax=      100 MeV  Table with 42 bins Emin=    100 eV    Emax=    100 MeV
G4WT3 >         WentzelVIUni :  Emin=      100 MeV   Emax=       10 TeV  Table with 35 bins Emin=    100 MeV   Emax=     10 TeV
G4WT0 > 
G4WT0 > phot:   for  gamma    SubType= 12
G4WT0 >       LambdaPrime table from 200 keV to 10 TeV in 54 bins 
G4WT0 >       ===== EM models for the G4Region  DefaultRegionForTheWorld ======
G4WT0 >        PhotoElectric :  Emin=        0 eV    Emax=       10 TeV   AngularGenSauterGavrila  FluoActive
G4WT0 > 
G4WT0 > compt:   for  gamma    SubType= 13
G4WT0 >       Lambda table from 100 eV  to 1 MeV in 28 bins, spline: 1
G4WT0 >       LambdaPrime table from 1 MeV to 10 TeV in 49 bins 
G4WT0 >       ===== EM models for the G4Region  DefaultRegionForTheWorld ======
G4WT0 >        Klein-Nishina :  Emin=        0 eV    Emax=       10 TeV
G4WT0 > 
G4WT0 > conv:   for  gamma    SubType= 14
G4WT0 >       Lambda table from 1.022 MeV to 10 TeV in 49 bins, spline: 1
G4WT0 >       ===== EM models for the G4Region  DefaultRegionForTheWorld ======
G4WT0 >         BetheHeitler :  Emin=        0 eV    Emax=       80 GeV
G4WT0 >      BetheHeitlerLPM :  Emin=       80 GeV   Emax=       10 TeV
G4WT0 > 
G4WT0 > msc:   for e-    SubType= 10
G4WT0 >       RangeFactor= 0.04, stepLimitType: 1, latDisplacement: 1
G4WT0 >       ===== EM models for the G4Region  DefaultRegionForTheWorld ======
G4WT0 >             UrbanMsc :  Emin=        0 eV    Emax=      100 MeV  Table with 42 bins Emin=    100 eV    Emax=    100 MeV
G4WT0 >         WentzelVIUni :  Emin=      100 MeV   Emax=       10 TeV  Table with 35 bins Emin=    100 MeV   Emax=     10 TeV
G4WT1 > 
G4WT1 > phot:   for  gamma    SubType= 12
G4WT1 >       LambdaPrime table from 200 keV to 10 TeV in 54 bins 
G4WT1 >       ===== EM models for the G4Region  DefaultRegionForTheWorld ======
G4WT1 >        PhotoElectric :  Emin=        0 eV    Emax=       10 TeV   AngularGenSauterGavrila  FluoActive
G4WT1 > 
G4WT1 > compt:   for  gamma    SubType= 13
G4WT1 >       Lambda table from 100 eV  to 1 MeV in 28 bins, spline: 1
G4WT1 >       LambdaPrime table from 1 MeV to 10 TeV in 49 bins 
G4WT1 >       ===== EM models for the G4Region  DefaultRegionForTheWorld ======
G4WT1 >        Klein-Nishina :  Emin=        0 eV    Emax=       10 TeV
G4WT1 > 
G4WT1 > conv:   for  gamma    SubType= 14
G4WT1 >       Lambda table from 1.022 MeV to 10 TeV in 49 bins, spline: 1
G4WT1 >       ===== EM models for the G4Region  DefaultRegionForTheWorld ======
G4WT1 >         BetheHeitler :  Emin=        0 eV    Emax=       80 GeV
G4WT1 >      BetheHeitlerLPM :  Emin=       80 GeV   Emax=       10 TeV
G4WT1 > 
G4WT1 > msc:   for e-    SubType= 10
G4WT1 >       RangeFactor= 0.04, stepLimitType: 1, latDisplacement: 1
G4WT1 >       ===== EM models for the G4Region  DefaultRegionForTheWorld ======
G4WT1 >             UrbanMsc :  Emin=        0 eV    Emax=      100 MeV  Table with 42 bins Emin=    100 eV    Emax=    100 MeV
G4WT1 >         WentzelVIUni :  Emin=      100 MeV   Emax=       10 TeV  Table with 35 bins Emin=    100 MeV   Emax=     10 TeV
G4WT2 > 
====================================================================
                  HADRONIC PROCESSES SUMMARY (verbose level 1)
G4WT2 > 
---------------------------------------------------
                           Hadronic Processes for GenericIon

  Process: ionInelastic
        Model:  Binary Light Ion Cascade: 0 eV  ---> 4 GeV
        Model:                      FTFP: 2 GeV ---> 100 TeV
G4WT2 >      Cr_sctns: Glauber-Gribov nucleus nucleus: 0 eV  ---> 2.88022e+295 J  
     Cr_sctns:          GheishaInelastic: 0 eV  ---> 100 TeV

---------------------------------------------------
                           Hadronic Processes for anti_neutron

  Process: hadElastic
        Model:              hElasticLHEP: 0 eV  ---> 100 TeV
G4WT2 >      Cr_sctns:            GheishaElastic: 0 eV  ---> 100 TeV

  Process: anti_neutronInelastic
        Model:                      FTFP: 0 eV  ---> 100 TeV
G4WT2 >      Cr_sctns:              AntiAGlauber: 0 eV  ---> 2.88022e+295 J  
     Cr_sctns:          GheishaInelastic: 0 eV  ---> 100 TeV

---------------------------------------------------
                           Hadronic Processes for anti_proton

  Process: hadElastic
        Model:              hElasticLHEP: 0 eV  ---> 100.1 MeV
        Model:              AntiAElastic: 100 MeV ---> 100 TeV
G4WT2 >      Cr_sctns:              AntiAGlauber: 0 eV  ---> 2.88022e+295 J  
     Cr_sctns:            GheishaElastic: 0 eV  ---> 100 TeV

  Process: anti_protonInelastic
        Model:                      FTFP: 0 eV  ---> 100 TeV
G4WT2 >      Cr_sctns:              AntiAGlauber: 0 eV  ---> 2.88022e+295 J  
     Cr_sctns:          GheishaInelastic: 0 eV  ---> 100 TeV

  Process: hFritiofCaptureAtRest
G4WT2 > 
---------------------------------------------------
                           Hadronic Processes for e+

  Process: positronNuclear
        Model:   G4ElectroVDNuclearModel: 0 eV  ---> 1 PeV
G4WT2 >      Cr_sctns:          ElectroNuclearXS: 0 eV  ---> 100 TeV
     Cr_sctns:          GheishaInelastic: 0 eV  ---> 100 TeV

---------------------------------------------------
                           Hadronic Processes for e-

  Process: electronNuclear
        Model:   G4ElectroVDNuclearModel: 0 eV  ---> 1 PeV
G4WT2 >      Cr_sctns:          ElectroNuclearXS: 0 eV  ---> 100 TeV
     Cr_sctns:          GheishaInelastic: 0 eV  ---> 100 TeV

---------------------------------------------------
                           Hadronic Processes for gamma

  Process: photonNuclear
        Model:            BertiniCascade: 0 eV  ---> 3.5 GeV
        Model:           TheoFSGenerator: 3 GeV ---> 100 TeV
G4WT2 >      Cr_sctns:            PhotoNuclearXS: 0 eV  ---> 100 TeV
     Cr_sctns:          GheishaInelastic: 0 eV  ---> 100 TeV

---------------------------------------------------
                           Hadronic Processes for kaon+

  Process: hadElastic
        Model:              hElasticLHEP: 0 eV  ---> 100 TeV
G4WT2 >      Cr_sctns:            GheishaElastic: 0 eV  ---> 100 TeV

  Process: kaon+Inelastic
        Model:                      FTFP: 4 GeV ---> 100 TeV
        Model:            BertiniCascade: 0 eV  ---> 5 GeV
G4WT2 >      Cr_sctns:  ChipsKaonPlusInelasticXS: 0 eV  ---> 100 TeV
     Cr_sctns:          GheishaInelastic: 0 eV  ---> 100 TeV

---------------------------------------------------
                           Hadronic Processes for kaon-

  Process: hadElastic
        Model:              hElasticLHEP: 0 eV  ---> 100 TeV
G4WT2 >      Cr_sctns:            GheishaElastic: 0 eV  ---> 100 TeV

  Process: kaon-Inelastic
        Model:                      FTFP: 4 GeV ---> 100 TeV
        Model:            BertiniCascade: 0 eV  ---> 5 GeV
G4WT2 >      Cr_sctns: ChipsKaonMinusInelasticXS: 0 eV  ---> 100 TeV
     Cr_sctns:          GheishaInelastic: 0 eV  ---> 100 TeV

  Process: hBertiniCaptureAtRest
G4WT2 > 
---------------------------------------------------
                           Hadronic Processes for lambda

  Process: hadElastic
        Model:              hElasticLHEP: 0 eV  ---> 100 TeV
G4WT2 >      Cr_sctns:            GheishaElastic: 0 eV  ---> 100 TeV

  Process: lambdaInelastic
        Model:            BertiniCascade: 0 eV  ---> 6 GeV
        Model:                      FTFP: 2 GeV ---> 100 TeV
G4WT2 >      Cr_sctns:   ChipsHyperonInelasticXS: 0 eV  ---> 100 TeV
     Cr_sctns:          GheishaInelastic: 0 eV  ---> 100 TeV

---------------------------------------------------
                           Hadronic Processes for mu-

  Process: muMinusCaptureAtRest
G4WT2 > 
---------------------------------------------------
                           Hadronic Processes for neutron

  Process: hadElastic
        Model:             hElasticCHIPS: 0 eV  ---> 100 TeV
G4WT2 >      Cr_sctns:     ChipsNeutronElasticXS: 0 eV  ---> 100 TeV
     Cr_sctns:            GheishaElastic: 0 eV  ---> 100 TeV

  Process: neutronInelastic
        Model:                      FTFP: 4 GeV ---> 100 TeV
        Model:            BertiniCascade: 0 eV  ---> 5 GeV
G4WT2 >      Cr_sctns:      G4NeutronInelasticXS: 0 eV  ---> 100 TeV
     Cr_sctns:       Barashenkov-Glauber: 0 eV  ---> 100 TeV
     Cr_sctns:          GheishaInelastic: 0 eV  ---> 100 TeV

  Process: nCapture
        Model:               nRadCapture: 0 eV  ---> 100 TeV
G4WT2 >      Cr_sctns:        G4NeutronCaptureXS: 0 eV  ---> 100 TeV
     Cr_sctns:          GheishaCaptureXS: 0 eV  ---> 100 TeV

---------------------------------------------------
                           Hadronic Processes for pi+

  Process: hadElastic
        Model:              hElasticLHEP: 0 eV  ---> 1.0001 GeV
        Model:           hElasticGlauber: 1 GeV ---> 100 TeV
G4WT2 >      Cr_sctns:       Barashenkov-Glauber: 0 eV  ---> 100 TeV
     Cr_sctns:            GheishaElastic: 0 eV  ---> 100 TeV

  Process: pi+Inelastic
        Model:                      FTFP: 4 GeV ---> 100 TeV
        Model:            BertiniCascade: 0 eV  ---> 5 GeV
G4WT2 >      Cr_sctns:      G4CrossSectionPairGG: 0 eV  ---> 100 TeV
                         G4CrossSectionPairGG: G4PiNuclearCrossSection cross sections 
G4WT2 >                            below 91 GeV, Glauber-Gribov above 
G4WT2 >      Cr_sctns:          GheishaInelastic: 0 eV  ---> 100 TeV

---------------------------------------------------
                           Hadronic Processes for pi-

  Process: hadElastic
        Model:              hElasticLHEP: 0 eV  ---> 1.0001 GeV
        Model:           hElasticGlauber: 1 GeV ---> 100 TeV
G4WT2 >      Cr_sctns:       Barashenkov-Glauber: 0 eV  ---> 100 TeV
     Cr_sctns:            GheishaElastic: 0 eV  ---> 100 TeV

  Process: pi-Inelastic
        Model:                      FTFP: 4 GeV ---> 100 TeV
        Model:            BertiniCascade: 0 eV  ---> 5 GeV
G4WT2 >      Cr_sctns:      G4CrossSectionPairGG: 0 eV  ---> 100 TeV
                         G4CrossSectionPairGG: G4PiNuclearCrossSection cross sections 
G4WT2 >                            below 91 GeV, Glauber-Gribov above 
G4WT2 >      Cr_sctns:          GheishaInelastic: 0 eV  ---> 100 TeV

  Process: hBertiniCaptureAtRest
G4WT2 > 
---------------------------------------------------
                           Hadronic Processes for proton

  Process: hadElastic
        Model:             hElasticCHIPS: 0 eV  ---> 100 TeV
G4WT2 >      Cr_sctns:      ChipsProtonElasticXS: 0 eV  ---> 100 TeV
     Cr_sctns:            GheishaElastic: 0 eV  ---> 100 TeV

  Process: protonInelastic
        Model:                      FTFP: 4 GeV ---> 100 TeV
        Model:            BertiniCascade: 0 eV  ---> 5 GeV
G4WT2 >      Cr_sctns:       Barashenkov-Glauber: 0 eV  ---> 100 TeV
     Cr_sctns:          GheishaInelastic: 0 eV  ---> 100 TeV

================================================================
G4WT1 > 
====================================================================
                  HADRONIC PROCESSES SUMMARY (verbose level 1)
G4WT1 > 
---------------------------------------------------
                           Hadronic Processes for GenericIon

  Process: ionInelastic
        Model:  Binary Light Ion Cascade: 0 eV  ---> 4 GeV
        Model:                      FTFP: 2 GeV ---> 100 TeV
G4WT1 >      Cr_sctns: Glauber-Gribov nucleus nucleus: 0 eV  ---> 2.88022e+295 J  
     Cr_sctns:          GheishaInelastic: 0 eV  ---> 100 TeV

---------------------------------------------------
                           Hadronic Processes for anti_neutron

  Process: hadElastic
        Model:              hElasticLHEP: 0 eV  ---> 100 TeV
G4WT1 >      Cr_sctns:            GheishaElastic: 0 eV  ---> 100 TeV

  Process: anti_neutronInelastic
        Model:                      FTFP: 0 eV  ---> 100 TeV
G4WT1 >      Cr_sctns:              AntiAGlauber: 0 eV  ---> 2.88022e+295 J  
     Cr_sctns:          GheishaInelastic: 0 eV  ---> 100 TeV

---------------------------------------------------
                           Hadronic Processes for anti_proton

  Process: hadElastic
        Model:              hElasticLHEP: 0 eV  ---> 100.1 MeV
        Model:              AntiAElastic: 100 MeV ---> 100 TeV
G4WT1 >      Cr_sctns:              AntiAGlauber: 0 eV  ---> 2.88022e+295 J  
     Cr_sctns:            GheishaElastic: 0 eV  ---> 100 TeV

  Process: anti_protonInelastic
        Model:                      FTFP: 0 eV  ---> 100 TeV
G4WT1 >      Cr_sctns:              AntiAGlauber: 0 eV  ---> 2.88022e+295 J  
     Cr_sctns:          GheishaInelastic: 0 eV  ---> 100 TeV

  Process: hFritiofCaptureAtRest
G4WT1 > 
---------------------------------------------------
                           Hadronic Processes for e+

  Process: positronNuclear
        Model:   G4ElectroVDNuclearModel: 0 eV  ---> 1 PeV
G4WT1 >      Cr_sctns:          ElectroNuclearXS: 0 eV  ---> 100 TeV
     Cr_sctns:          GheishaInelastic: 0 eV  ---> 100 TeV

---------------------------------------------------
                           Hadronic Processes for e-

  Process: electronNuclear
        Model:   G4ElectroVDNuclearModel: 0 eV  ---> 1 PeV
G4WT1 >      Cr_sctns:          ElectroNuclearXS: 0 eV  ---> 100 TeV
     Cr_sctns:          GheishaInelastic: 0 eV  ---> 100 TeV

---------------------------------------------------
                           Hadronic Processes for gamma

  Process: photonNuclear
        Model:            BertiniCascade: 0 eV  ---> 3.5 GeV
        Model:           TheoFSGenerator: 3 GeV ---> 100 TeV
G4WT1 >      Cr_sctns:            PhotoNuclearXS: 0 eV  ---> 100 TeV
     Cr_sctns:          GheishaInelastic: 0 eV  ---> 100 TeV

---------------------------------------------------
                           Hadronic Processes for kaon+

  Process: hadElastic
        Model:              hElasticLHEP: 0 eV  ---> 100 TeV
G4WT1 >      Cr_sctns:            GheishaElastic: 0 eV  ---> 100 TeV

  Process: kaon+Inelastic
        Model:                      FTFP: 4 GeV ---> 100 TeV
        Model:            BertiniCascade: 0 eV  ---> 5 GeV
G4WT1 >      Cr_sctns:  ChipsKaonPlusInelasticXS: 0 eV  ---> 100 TeV
     Cr_sctns:          GheishaInelastic: 0 eV  ---> 100 TeV

---------------------------------------------------
                           Hadronic Processes for kaon-

  Process: hadElastic
        Model:              hElasticLHEP: 0 eV  ---> 100 TeV
G4WT1 >      Cr_sctns:            GheishaElastic: 0 eV  ---> 100 TeV

  Process: kaon-Inelastic
        Model:                      FTFP: 4 GeV ---> 100 TeV
        Model:            BertiniCascade: 0 eV  ---> 5 GeV
G4WT1 >      Cr_sctns: ChipsKaonMinusInelasticXS: 0 eV  ---> 100 TeV
     Cr_sctns:          GheishaInelastic: 0 eV  ---> 100 TeV

  Process: hBertiniCaptureAtRest
G4WT1 > 
---------------------------------------------------
                           Hadronic Processes for lambda

  Process: hadElastic
        Model:              hElasticLHEP: 0 eV  ---> 100 TeV
G4WT1 >      Cr_sctns:            GheishaElastic: 0 eV  ---> 100 TeV

  Process: lambdaInelastic
        Model:            BertiniCascade: 0 eV  ---> 6 GeV
        Model:                      FTFP: 2 GeV ---> 100 TeV
G4WT1 >      Cr_sctns:   ChipsHyperonInelasticXS: 0 eV  ---> 100 TeV
     Cr_sctns:          GheishaInelastic: 0 eV  ---> 100 TeV

---------------------------------------------------
                           Hadronic Processes for mu-

  Process: muMinusCaptureAtRest
G4WT1 > 
---------------------------------------------------
                           Hadronic Processes for neutron

  Process: hadElastic
        Model:             hElasticCHIPS: 0 eV  ---> 100 TeV
G4WT1 >      Cr_sctns:     ChipsNeutronElasticXS: 0 eV  ---> 100 TeV
     Cr_sctns:            GheishaElastic: 0 eV  ---> 100 TeV

  Process: neutronInelastic
        Model:                      FTFP: 4 GeV ---> 100 TeV
        Model:            BertiniCascade: 0 eV  ---> 5 GeV
G4WT1 >      Cr_sctns:      G4NeutronInelasticXS: 0 eV  ---> 100 TeV
     Cr_sctns:       Barashenkov-Glauber: 0 eV  ---> 100 TeV
     Cr_sctns:          GheishaInelastic: 0 eV  ---> 100 TeV

  Process: nCapture
        Model:               nRadCapture: 0 eV  ---> 100 TeV
G4WT1 >      Cr_sctns:        G4NeutronCaptureXS: 0 eV  ---> 100 TeV
     Cr_sctns:          GheishaCaptureXS: 0 eV  ---> 100 TeV

---------------------------------------------------
                           Hadronic Processes for pi+

  Process: hadElastic
        Model:              hElasticLHEP: 0 eV  ---> 1.0001 GeV
        Model:           hElasticGlauber: 1 GeV ---> 100 TeV
G4WT1 >      Cr_sctns:       Barashenkov-Glauber: 0 eV  ---> 100 TeV
     Cr_sctns:            GheishaElastic: 0 eV  ---> 100 TeV

  Process: pi+Inelastic
        Model:                      FTFP: 4 GeV ---> 100 TeV
        Model:            BertiniCascade: 0 eV  ---> 5 GeV
G4WT1 >      Cr_sctns:      G4CrossSectionPairGG: 0 eV  ---> 100 TeV
                         G4CrossSectionPairGG: G4PiNuclearCrossSection cross sections 
G4WT1 >                            below 91 GeV, Glauber-Gribov above 
G4WT1 >      Cr_sctns:          GheishaInelastic: 0 eV  ---> 100 TeV

---------------------------------------------------
                           Hadronic Processes for pi-

  Process: hadElastic
        Model:              hElasticLHEP: 0 eV  ---> 1.0001 GeV
        Model:           hElasticGlauber: 1 GeV ---> 100 TeV
G4WT1 >      Cr_sctns:       Barashenkov-Glauber: 0 eV  ---> 100 TeV
     Cr_sctns:            GheishaElastic: 0 eV  ---> 100 TeV

  Process: pi-Inelastic
        Model:                      FTFP: 4 GeV ---> 100 TeV
        Model:            BertiniCascade: 0 eV  ---> 5 GeV
G4WT1 >      Cr_sctns:      G4CrossSectionPairGG: 0 eV  ---> 100 TeV
                         G4CrossSectionPairGG: G4PiNuclearCrossSection cross sections 
G4WT1 >                            below 91 GeV, Glauber-Gribov above 
G4WT1 >      Cr_sctns:          GheishaInelastic: 0 eV  ---> 100 TeV

  Process: hBertiniCaptureAtRest
G4WT1 > 
---------------------------------------------------
                           Hadronic Processes for proton

  Process: hadElastic
        Model:             hElasticCHIPS: 0 eV  ---> 100 TeV
G4WT1 >      Cr_sctns:      ChipsProtonElasticXS: 0 eV  ---> 100 TeV
     Cr_sctns:            GheishaElastic: 0 eV  ---> 100 TeV

  Process: protonInelastic
        Model:                      FTFP: 4 GeV ---> 100 TeV
        Model:            BertiniCascade: 0 eV  ---> 5 GeV
G4WT1 >      Cr_sctns:       Barashenkov-Glauber: 0 eV  ---> 100 TeV
     Cr_sctns:          GheishaInelastic: 0 eV  ---> 100 TeV

================================================================
G4WT0 > 
====================================================================
                  HADRONIC PROCESSES SUMMARY (verbose level 1)
G4WT0 > 
---------------------------------------------------
                           Hadronic Processes for GenericIon

  Process: ionInelastic
        Model:  Binary Light Ion Cascade: 0 eV  ---> 4 GeV
        Model:                      FTFP: 2 GeV ---> 100 TeV
G4WT0 >      Cr_sctns: Glauber-Gribov nucleus nucleus: 0 eV  ---> 2.88022e+295 J  
     Cr_sctns:          GheishaInelastic: 0 eV  ---> 100 TeV

---------------------------------------------------
                           Hadronic Processes for anti_neutron

  Process: hadElastic
        Model:              hElasticLHEP: 0 eV  ---> 100 TeV
G4WT0 >      Cr_sctns:            GheishaElastic: 0 eV  ---> 100 TeV

  Process: anti_neutronInelastic
        Model:                      FTFP: 0 eV  ---> 100 TeV
G4WT0 >      Cr_sctns:              AntiAGlauber: 0 eV  ---> 2.88022e+295 J  
     Cr_sctns:          GheishaInelastic: 0 eV  ---> 100 TeV

---------------------------------------------------
                           Hadronic Processes for anti_proton

  Process: hadElastic
        Model:              hElasticLHEP: 0 eV  ---> 100.1 MeV
        Model:              AntiAElastic: 100 MeV ---> 100 TeV
G4WT0 >      Cr_sctns:              AntiAGlauber: 0 eV  ---> 2.88022e+295 J  
     Cr_sctns:            GheishaElastic: 0 eV  ---> 100 TeV

  Process: anti_protonInelastic
        Model:                      FTFP: 0 eV  ---> 100 TeV
G4WT0 >      Cr_sctns:              AntiAGlauber: 0 eV  ---> 2.88022e+295 J  
     Cr_sctns:          GheishaInelastic: 0 eV  ---> 100 TeV

  Process: hFritiofCaptureAtRest
G4WT0 > 
---------------------------------------------------
                           Hadronic Processes for e+

  Process: positronNuclear
        Model:   G4ElectroVDNuclearModel: 0 eV  ---> 1 PeV
G4WT0 >      Cr_sctns:          ElectroNuclearXS: 0 eV  ---> 100 TeV
     Cr_sctns:          GheishaInelastic: 0 eV  ---> 100 TeV

---------------------------------------------------
                           Hadronic Processes for e-

  Process: electronNuclear
        Model:   G4ElectroVDNuclearModel: 0 eV  ---> 1 PeV
G4WT3 > 
====================================================================
                  HADRONIC PROCESSES SUMMARY (verbose level 1)
G4WT0 >      Cr_sctns:          ElectroNuclearXS: 0 eV  ---> 100 TeV
     Cr_sctns:          GheishaInelastic: 0 eV  ---> 100 TeV

---------------------------------------------------
                           Hadronic Processes for gamma

  Process: photonNuclear
        Model:            BertiniCascade: 0 eV  ---> 3.5 GeV
        Model:           TheoFSGenerator: 3 GeV ---> 100 TeV
G4WT0 >      Cr_sctns:            PhotoNuclearXS: 0 eV  ---> 100 TeV
     Cr_sctns:          GheishaInelastic: 0 eV  ---> 100 TeV

---------------------------------------------------
                           Hadronic Processes for kaon+

  Process: hadElastic
        Model:              hElasticLHEP: 0 eV  ---> 100 TeV
G4WT3 > 
---------------------------------------------------
                           Hadronic Processes for GenericIon

  Process: ionInelastic
        Model:  Binary Light Ion Cascade: 0 eV  ---> 4 GeV
        Model:                      FTFP: 2 GeV ---> 100 TeV
G4WT0 >      Cr_sctns:            GheishaElastic: 0 eV  ---> 100 TeV

  Process: kaon+Inelastic
        Model:                      FTFP: 4 GeV ---> 100 TeV
        Model:            BertiniCascade: 0 eV  ---> 5 GeV
G4WT0 >      Cr_sctns:  ChipsKaonPlusInelasticXS: 0 eV  ---> 100 TeV
     Cr_sctns:          GheishaInelastic: 0 eV  ---> 100 TeV

---------------------------------------------------
                           Hadronic Processes for kaon-

  Process: hadElastic
        Model:              hElasticLHEP: 0 eV  ---> 100 TeV
G4WT0 >      Cr_sctns:            GheishaElastic: 0 eV  ---> 100 TeV

  Process: kaon-Inelastic
        Model:                      FTFP: 4 GeV ---> 100 TeV
        Model:            BertiniCascade: 0 eV  ---> 5 GeV
G4WT0 >      Cr_sctns: ChipsKaonMinusInelasticXS: 0 eV  ---> 100 TeV
     Cr_sctns:          GheishaInelastic: 0 eV  ---> 100 TeV

  Process: hBertiniCaptureAtRest
G4WT0 > 
---------------------------------------------------
                           Hadronic Processes for lambda

  Process: hadElastic
        Model:              hElasticLHEP: 0 eV  ---> 100 TeV
G4WT3 >      Cr_sctns: Glauber-Gribov nucleus nucleus: 0 eV  ---> 2.88022e+295 J  
     Cr_sctns:          GheishaInelastic: 0 eV  ---> 100 TeV

---------------------------------------------------
                           Hadronic Processes for anti_neutron

  Process: hadElastic
        Model:              hElasticLHEP: 0 eV  ---> 100 TeV
G4WT0 >      Cr_sctns:            GheishaElastic: 0 eV  ---> 100 TeV

  Process: lambdaInelastic
        Model:            BertiniCascade: 0 eV  ---> 6 GeV
        Model:                      FTFP: 2 GeV ---> 100 TeV
G4WT3 >      Cr_sctns:            GheishaElastic: 0 eV  ---> 100 TeV

  Process: anti_neutronInelastic
        Model:                      FTFP: 0 eV  ---> 100 TeV
G4WT0 >      Cr_sctns:   ChipsHyperonInelasticXS: 0 eV  ---> 100 TeV
     Cr_sctns:          GheishaInelastic: 0 eV  ---> 100 TeV

---------------------------------------------------
                           Hadronic Processes for mu-

  Process: muMinusCaptureAtRest
G4WT0 > 
---------------------------------------------------
                           Hadronic Processes for neutron

  Process: hadElastic
        Model:             hElasticCHIPS: 0 eV  ---> 100 TeV
G4WT0 >      Cr_sctns:     ChipsNeutronElasticXS: 0 eV  ---> 100 TeV
     Cr_sctns:            GheishaElastic: 0 eV  ---> 100 TeV

  Process: neutronInelastic
        Model:                      FTFP: 4 GeV ---> 100 TeV
        Model:            BertiniCascade: 0 eV  ---> 5 GeV
G4WT3 >      Cr_sctns:              AntiAGlauber: 0 eV  ---> 2.88022e+295 J  
     Cr_sctns:          GheishaInelastic: 0 eV  ---> 100 TeV

---------------------------------------------------
                           Hadronic Processes for anti_proton

  Process: hadElastic
        Model:              hElasticLHEP: 0 eV  ---> 100.1 MeV
        Model:              AntiAElastic: 100 MeV ---> 100 TeV
G4WT0 >      Cr_sctns:      G4NeutronInelasticXS: 0 eV  ---> 100 TeV
     Cr_sctns:       Barashenkov-Glauber: 0 eV  ---> 100 TeV
     Cr_sctns:          GheishaInelastic: 0 eV  ---> 100 TeV

  Process: nCapture
        Model:               nRadCapture: 0 eV  ---> 100 TeV
G4WT3 >      Cr_sctns:              AntiAGlauber: 0 eV  ---> 2.88022e+295 J  
     Cr_sctns:            GheishaElastic: 0 eV  ---> 100 TeV

  Process: anti_protonInelastic
        Model:                      FTFP: 0 eV  ---> 100 TeV
G4WT0 >      Cr_sctns:        G4NeutronCaptureXS: 0 eV  ---> 100 TeV
     Cr_sctns:          GheishaCaptureXS: 0 eV  ---> 100 TeV

---------------------------------------------------
                           Hadronic Processes for pi+

  Process: hadElastic
        Model:              hElasticLHEP: 0 eV  ---> 1.0001 GeV
        Model:           hElasticGlauber: 1 GeV ---> 100 TeV
G4WT3 >      Cr_sctns:              AntiAGlauber: 0 eV  ---> 2.88022e+295 J  
     Cr_sctns:          GheishaInelastic: 0 eV  ---> 100 TeV

  Process: hFritiofCaptureAtRest
G4WT3 > 
---------------------------------------------------
                           Hadronic Processes for e+

  Process: positronNuclear
        Model:   G4ElectroVDNuclearModel: 0 eV  ---> 1 PeV
G4WT0 >      Cr_sctns:       Barashenkov-Glauber: 0 eV  ---> 100 TeV
     Cr_sctns:            GheishaElastic: 0 eV  ---> 100 TeV

  Process: pi+Inelastic
        Model:                      FTFP: 4 GeV ---> 100 TeV
        Model:            BertiniCascade: 0 eV  ---> 5 GeV
G4WT0 >      Cr_sctns:      G4CrossSectionPairGG: 0 eV  ---> 100 TeV
                         G4CrossSectionPairGG: G4PiNuclearCrossSection cross sections 
G4WT0 >                            below 91 GeV, Glauber-Gribov above 
G4WT3 >      Cr_sctns:          ElectroNuclearXS: 0 eV  ---> 100 TeV
     Cr_sctns:          GheishaInelastic: 0 eV  ---> 100 TeV

---------------------------------------------------
                           Hadronic Processes for e-

  Process: electronNuclear
        Model:   G4ElectroVDNuclearModel: 0 eV  ---> 1 PeV
G4WT0 >      Cr_sctns:          GheishaInelastic: 0 eV  ---> 100 TeV

---------------------------------------------------
                           Hadronic Processes for pi-

  Process: hadElastic
        Model:              hElasticLHEP: 0 eV  ---> 1.0001 GeV
        Model:           hElasticGlauber: 1 GeV ---> 100 TeV
G4WT3 >      Cr_sctns:          ElectroNuclearXS: 0 eV  ---> 100 TeV
     Cr_sctns:          GheishaInelastic: 0 eV  ---> 100 TeV

---------------------------------------------------
                           Hadronic Processes for gamma

  Process: photonNuclear
        Model:            BertiniCascade: 0 eV  ---> 3.5 GeV
        Model:           TheoFSGenerator: 3 GeV ---> 100 TeV
G4WT0 >      Cr_sctns:       Barashenkov-Glauber: 0 eV  ---> 100 TeV
     Cr_sctns:            GheishaElastic: 0 eV  ---> 100 TeV

  Process: pi-Inelastic
        Model:                      FTFP: 4 GeV ---> 100 TeV
        Model:            BertiniCascade: 0 eV  ---> 5 GeV
G4WT0 >      Cr_sctns:      G4CrossSectionPairGG: 0 eV  ---> 100 TeV
                         G4CrossSectionPairGG: G4PiNuclearCrossSection cross sections 
G4WT0 >                            below 91 GeV, Glauber-Gribov above 
G4WT3 >      Cr_sctns:            PhotoNuclearXS: 0 eV  ---> 100 TeV
     Cr_sctns:          GheishaInelastic: 0 eV  ---> 100 TeV

---------------------------------------------------
                           Hadronic Processes for kaon+

  Process: hadElastic
        Model:              hElasticLHEP: 0 eV  ---> 100 TeV
G4WT0 >      Cr_sctns:          GheishaInelastic: 0 eV  ---> 100 TeV

  Process: hBertiniCaptureAtRest
G4WT0 > 
---------------------------------------------------
                           Hadronic Processes for proton

  Process: hadElastic
        Model:             hElasticCHIPS: 0 eV  ---> 100 TeV
G4WT3 >      Cr_sctns:            GheishaElastic: 0 eV  ---> 100 TeV

  Process: kaon+Inelastic
        Model:                      FTFP: 4 GeV ---> 100 TeV
        Model:            BertiniCascade: 0 eV  ---> 5 GeV
G4WT0 >      Cr_sctns:      ChipsProtonElasticXS: 0 eV  ---> 100 TeV
     Cr_sctns:            GheishaElastic: 0 eV  ---> 100 TeV

  Process: protonInelastic
        Model:                      FTFP: 4 GeV ---> 100 TeV
        Model:            BertiniCascade: 0 eV  ---> 5 GeV
G4WT3 >      Cr_sctns:  ChipsKaonPlusInelasticXS: 0 eV  ---> 100 TeV
     Cr_sctns:          GheishaInelastic: 0 eV  ---> 100 TeV

---------------------------------------------------
                           Hadronic Processes for kaon-

  Process: hadElastic
        Model:              hElasticLHEP: 0 eV  ---> 100 TeV
G4WT3 >      Cr_sctns:            GheishaElastic: 0 eV  ---> 100 TeV

  Process: kaon-Inelastic
        Model:                      FTFP: 4 GeV ---> 100 TeV
        Model:            BertiniCascade: 0 eV  ---> 5 GeV
G4WT3 >      Cr_sctns: ChipsKaonMinusInelasticXS: 0 eV  ---> 100 TeV
     Cr_sctns:          GheishaInelastic: 0 eV  ---> 100 TeV

  Process: hBertiniCaptureAtRest
G4WT3 > 
---------------------------------------------------
                           Hadronic Processes for lambda

  Process: hadElastic
        Model:              hElasticLHEP: 0 eV  ---> 100 TeV
G4WT3 >      Cr_sctns:            GheishaElastic: 0 eV  ---> 100 TeV

  Process: lambdaInelastic
        Model:            BertiniCascade: 0 eV  ---> 6 GeV
        Model:                      FTFP: 2 GeV ---> 100 TeV
G4WT3 >      Cr_sctns:   ChipsHyperonInelasticXS: 0 eV  ---> 100 TeV
     Cr_sctns:          GheishaInelastic: 0 eV  ---> 100 TeV

---------------------------------------------------
                           Hadronic Processes for mu-

  Process: muMinusCaptureAtRest
G4WT3 > 
---------------------------------------------------
                           Hadronic Processes for neutron

  Process: hadElastic
        Model:             hElasticCHIPS: 0 eV  ---> 100 TeV
G4WT0 >      Cr_sctns:       Barashenkov-Glauber: 0 eV  ---> 100 TeV
     Cr_sctns:          GheishaInelastic: 0 eV  ---> 100 TeV

================================================================
G4WT3 >      Cr_sctns:     ChipsNeutronElasticXS: 0 eV  ---> 100 TeV
     Cr_sctns:            GheishaElastic: 0 eV  ---> 100 TeV

  Process: neutronInelastic
        Model:                      FTFP: 4 GeV ---> 100 TeV
        Model:            BertiniCascade: 0 eV  ---> 5 GeV
G4WT3 >      Cr_sctns:      G4NeutronInelasticXS: 0 eV  ---> 100 TeV
     Cr_sctns:       Barashenkov-Glauber: 0 eV  ---> 100 TeV
     Cr_sctns:          GheishaInelastic: 0 eV  ---> 100 TeV

  Process: nCapture
        Model:               nRadCapture: 0 eV  ---> 100 TeV
G4WT3 >      Cr_sctns:        G4NeutronCaptureXS: 0 eV  ---> 100 TeV
     Cr_sctns:          GheishaCaptureXS: 0 eV  ---> 100 TeV

---------------------------------------------------
                           Hadronic Processes for pi+

  Process: hadElastic
        Model:              hElasticLHEP: 0 eV  ---> 1.0001 GeV
        Model:           hElasticGlauber: 1 GeV ---> 100 TeV
G4WT3 >      Cr_sctns:       Barashenkov-Glauber: 0 eV  ---> 100 TeV
     Cr_sctns:            GheishaElastic: 0 eV  ---> 100 TeV

  Process: pi+Inelastic
        Model:                      FTFP: 4 GeV ---> 100 TeV
        Model:            BertiniCascade: 0 eV  ---> 5 GeV
G4WT3 >      Cr_sctns:      G4CrossSectionPairGG: 0 eV  ---> 100 TeV
                         G4CrossSectionPairGG: G4PiNuclearCrossSection cross sections 
G4WT3 >                            below 91 GeV, Glauber-Gribov above 
G4WT3 >      Cr_sctns:          GheishaInelastic: 0 eV  ---> 100 TeV

---------------------------------------------------
                           Hadronic Processes for pi-

  Process: hadElastic
        Model:              hElasticLHEP: 0 eV  ---> 1.0001 GeV
        Model:           hElasticGlauber: 1 GeV ---> 100 TeV
G4WT3 >      Cr_sctns:       Barashenkov-Glauber: 0 eV  ---> 100 TeV
     Cr_sctns:            GheishaElastic: 0 eV  ---> 100 TeV

  Process: pi-Inelastic
        Model:                      FTFP: 4 GeV ---> 100 TeV
        Model:            BertiniCascade: 0 eV  ---> 5 GeV
G4WT3 >      Cr_sctns:      G4CrossSectionPairGG: 0 eV  ---> 100 TeV
                         G4CrossSectionPairGG: G4PiNuclearCrossSection cross sections 
G4WT3 >                            below 91 GeV, Glauber-Gribov above 
G4WT3 >      Cr_sctns:          GheishaInelastic: 0 eV  ---> 100 TeV

  Process: hBertiniCaptureAtRest
G4WT3 > 
---------------------------------------------------
                           Hadronic Processes for proton

  Process: hadElastic
        Model:             hElasticCHIPS: 0 eV  ---> 100 TeV
G4WT3 >      Cr_sctns:      ChipsProtonElasticXS: 0 eV  ---> 100 TeV
     Cr_sctns:            GheishaElastic: 0 eV  ---> 100 TeV

  Process: protonInelastic
        Model:                      FTFP: 4 GeV ---> 100 TeV
        Model:            BertiniCascade: 0 eV  ---> 5 GeV
G4WT3 >      Cr_sctns:       Barashenkov-Glauber: 0 eV  ---> 100 TeV
     Cr_sctns:          GheishaInelastic: 0 eV  ---> 100 TeV

================================================================
Visualization Manager instantiating with verbosity "warnings (3)"...
Visualization Manager initialising...
Registering graphics systems...

You have successfully registered the following graphics systems.
Current available graphics systems are:
  ASCIITree (ATree)
  DAWNFILE (DAWNFILE)
  G4HepRep (HepRepXML)
  G4HepRepFile (HepRepFile)
  OpenGLImmediateQt (OGLI, OGLIQt)
  OpenGLImmediateX (OGLIX)
  OpenGLImmediateXm (OGLIXm, OGLI_FALLBACK, OGLIQt_FALLBACK)
  OpenGLStoredQt (OGL, OGLS, OGLSQt)
  OpenGLStoredX (OGLSX)
  OpenGLStoredXm (OGLSXm, OGL_FALLBACK, OGLS_FALLBACK, OGLSQt_FALLBACK)
  RayTracer (RayTracer)
  VRML1FILE (VRML1FILE)
  VRML2FILE (VRML2FILE)
  gMocrenFile (gMocrenFile)

Registering model factories...

You have successfully registered the following model factories.
Registered model factories:
  generic
  drawByCharge
  drawByParticleID
  drawByOriginVolume
  drawByAttribute

Registered filter factories:
  chargeFilter
  particleFilter
  originVolumeFilter
  attributeFilter

You have successfully registered the following user vis actions.
Run Duration User Vis Actions: none
End of Event User Vis Actions: none
End of Run User Vis Actions: none

Some /vis commands (optionally) take a string to specify colour.
Available colours:
  black, blue, brown, cyan, gray, green, grey, magenta, red, white, yellow

### Run 0 starts.
G4WT1 > ### Run 0 starts on worker thread 1.
G4WT3 > ### Run 0 starts on worker thread 3.
G4WT2 > ### Run 0 starts on worker thread 2.
G4WT0 > ### Run 0 starts on worker thread 0.
G4WT2 > --> Event 0 starts with initial seeds (53186127,84068008).
G4WT1 > --> Event 10 starts with initial seeds (34851902,18755070).
G4WT3 > --> Event 20 starts with initial seeds (9035819,9037551).
G4WT1 > --> Event 30 starts with initial seeds (81767802,85747811).
G4WT0 > --> Event 40 starts with initial seeds (58137680,54933911).
G4WT3 > --> Event 50 starts with initial seeds (45879653,9737473).
G4WT2 > --> Event 60 starts with initial seeds (3291156,94826814).
G4WT3 > --> Event 70 starts with initial seeds (76782720,98801484).
G4WT2 > --> Event 80 starts with initial seeds (20871517,7633828).
G4WT1 > --> Event 90 starts with initial seeds (9753136,47290747).
